Bluetooth monitor ver 5.66
= Note: Linux version 6.6.51+rpt-rpi-2712 (aarch64)                    0.990500
= Note: Bluetooth subsystem version 2.22                               0.990504
= New Index: 2C:CF:67:83:ED:56 (Primary,UART,hci0)              [hci0] 0.990505
= Open Index: 2C:CF:67:83:ED:56                                 [hci0] 0.990506
= Index Info: 2C:CF:67:83:ED:56 (Cypress Semiconductor)         [hci0] 0.990506
@ MGMT Open: bluetoothd (privileged) version 1.22             {0x0001} 0.990508
> ACL Data RX: Handle 64 flags 0x02 dlen 12                 #1 [hci0] 11.405830
      ATT: Write Command (0x52) len 7
        Handle: 0x001a
          Data: 0505050505
> ACL Data RX: Handle 64 flags 0x02 dlen 12                 #2 [hci0] 16.427119
      ATT: Write Command (0x52) len 7
        Handle: 0x001a
          Data: 0505050505
> ACL Data RX: Handle 64 flags 0x02 dlen 12                 #3 [hci0] 21.448409
      ATT: Write Command (0x52) len 7
        Handle: 0x001a
          Data: 0505050505
> ACL Data RX: Handle 64 flags 0x02 dlen 12                 #4 [hci0] 26.420947
      ATT: Write Command (0x52) len 7
        Handle: 0x001a
          Data: 0505050505
> ACL Data RX: Handle 64 flags 0x02 dlen 12                 #5 [hci0] 31.442237
      ATT: Write Command (0x52) len 7
        Handle: 0x001a
          Data: 0505050505
