Bluetooth monitor ver 5.72
btmon[16120]: = Note: Linux version 6.6.51+rpt-rpi-2712 (aarch64)      0.325035
btmon[16120]: = Note: Bluetooth subsystem version 2.22                 0.325037
= New Index: 2C:CF:67:83:EA:E4 (Primary,UART,hci0)              [hci0] 0.325039
= Open Index: 2C:CF:67:83:EA:E4                                 [hci0] 0.325039
= Index Info: 2C:CF:67:83:EA:E4 (Cypress Semiconductor)         [hci0] 0.325040
bluetoothd[15172]: @ MGMT Open:... (privileged) version 1.22  {0x0001} 0.325041
> ACL Data RX: Handle 64 flags 0x02 dlen 251                 #1 [hci0] 6.074691
> ACL Data RX: Handle 64 flags 0x01 dlen 251                 #2 [hci0] 6.077186
> ACL Data RX: Handle 64 flags 0x01 dlen 19                  #3 [hci0] 6.077287
      ATT: Write Command (0x52) len 516
        Handle: 0x001a
          Data: 0505
> ACL Data RX: Handle 64 flags 0x02 dlen 251                 #4 [hci0] 6.172255
> ACL Data RX: Handle 64 flags 0x01 dlen 251                 #5 [hci0] 6.174653
> ACL Data RX: Handle 64 flags 0x01 dlen 19                  #6 [hci0] 6.174756
      ATT: Write Command (0x52) len 516
        Handle: 0x001a
          Data: 0505
> ACL Data RX: Handle 64 flags 0x02 dlen 251                 #7 [hci0] 6.318442
> ACL Data RX: Handle 64 flags 0x01 dlen 251                 #8 [hci0] 6.320907
> ACL Data RX: Handle 64 flags 0x01 dlen 19                  #9 [hci0] 6.321009
      ATT: Write Command (0x52) len 516
        Handle: 0x001a
          Data: 0505
> ACL Data RX: Handle 64 flags 0x02 dlen 251                #10 [hci0] 6.415941
> ACL Data RX: Handle 64 flags 0x01 dlen 251                #11 [hci0] 6.467157
> ACL Data RX: Handle 64 flags 0x01 dlen 19                 #12 [hci0] 6.467259
      ATT: Write Command (0x52) len 516
        Handle: 0x001a
          Data: 0505
> ACL Data RX: Handle 64 flags 0x02 dlen 251                #13 [hci0] 6.470300
> ACL Data RX: Handle 64 flags 0x01 dlen 251                #14 [hci0] 6.472797
> ACL Data RX: Handle 64 flags 0x01 dlen 19                 #15 [hci0] 6.472899
      ATT: Write Command (0x52) len 516
        Handle: 0x001a
          Data: 0505
> ACL Data RX: Handle 64 flags 0x02 dlen 251                #16 [hci0] 6.610947
> ACL Data RX: Handle 64 flags 0x01 dlen 251                #17 [hci0] 6.613408
> ACL Data RX: Handle 64 flags 0x01 dlen 19                 #18 [hci0] 6.659286
      ATT: Write Command (0x52) len 516
        Handle: 0x001a
          Data: 0505
> ACL Data RX: Handle 64 flags 0x02 dlen 251                #19 [hci0] 6.708447
> ACL Data RX: Handle 64 flags 0x01 dlen 251                #20 [hci0] 6.710905
> ACL Data RX: Handle 64 flags 0x01 dlen 19                 #21 [hci0] 6.711006
      ATT: Write Command (0x52) len 516
        Handle: 0x001a
          Data: 0505
> ACL Data RX: Handle 64 flags 0x02 dlen 251                #22 [hci0] 6.757199
> ACL Data RX: Handle 64 flags 0x01 dlen 251                #23 [hci0] 6.759658
> ACL Data RX: Handle 64 flags 0x01 dlen 19                 #24 [hci0] 6.759759
      ATT: Write Command (0x52) len 516
        Handle: 0x001a
          Data: 0505
> ACL Data RX: Handle 64 flags 0x02 dlen 251                #25 [hci0] 6.854699
> ACL Data RX: Handle 64 flags 0x01 dlen 251                #26 [hci0] 6.857159
> ACL Data RX: Handle 64 flags 0x01 dlen 19                 #27 [hci0] 6.857261
      ATT: Write Command (0x52) len 516
        Handle: 0x001a
          Data: 0505
> ACL Data RX: Handle 64 flags 0x02 dlen 251                #28 [hci0] 7.000953
> ACL Data RX: Handle 64 flags 0x01 dlen 251                #29 [hci0] 7.003408
> ACL Data RX: Handle 64 flags 0x01 dlen 19                 #30 [hci0] 7.049290
      ATT: Write Command (0x52) len 516
        Handle: 0x001a
          Data: 0505
> ACL Data RX: Handle 64 flags 0x02 dlen 251                #31 [hci0] 7.098455
> ACL Data RX: Handle 64 flags 0x01 dlen 251                #32 [hci0] 7.100914
> ACL Data RX: Handle 64 flags 0x01 dlen 19                 #33 [hci0] 7.101016
      ATT: Write Command (0x52) len 516
        Handle: 0x001a
          Data: 0505
> ACL Data RX: Handle 64 flags 0x02 dlen 251                #34 [hci0] 7.195954
> ACL Data RX: Handle 64 flags 0x01 dlen 251                #35 [hci0] 7.198407
> ACL Data RX: Handle 64 flags 0x01 dlen 19                 #36 [hci0] 7.198509
      ATT: Write Command (0x52) len 516
        Handle: 0x001a
          Data: 0505
> ACL Data RX: Handle 64 flags 0x02 dlen 251                #37 [hci0] 7.342206
> ACL Data RX: Handle 64 flags 0x01 dlen 251                #38 [hci0] 7.344665
> ACL Data RX: Handle 64 flags 0x01 dlen 19                 #39 [hci0] 7.344767
      ATT: Write Command (0x52) len 516
        Handle: 0x001a
          Data: 0505
> ACL Data RX: Handle 64 flags 0x02 dlen 251                #40 [hci0] 7.488455
> ACL Data RX: Handle 64 flags 0x01 dlen 251                #41 [hci0] 7.490918
> ACL Data RX: Handle 64 flags 0x01 dlen 19                 #42 [hci0] 7.491020
      ATT: Write Command (0x52) len 516
        Handle: 0x001a
          Data: 0505
> ACL Data RX: Handle 64 flags 0x02 dlen 251                #43 [hci0] 7.537208
> ACL Data RX: Handle 64 flags 0x01 dlen 251                #44 [hci0] 7.539663
> ACL Data RX: Handle 64 flags 0x01 dlen 19                 #45 [hci0] 7.539765
      ATT: Write Command (0x52) len 516
        Handle: 0x001a
          Data: 0505
> ACL Data RX: Handle 64 flags 0x02 dlen 251                #46 [hci0] 7.585956
> ACL Data RX: Handle 64 flags 0x01 dlen 251                #47 [hci0] 7.588433
> ACL Data RX: Handle 64 flags 0x01 dlen 19                 #48 [hci0] 7.588535
      ATT: Write Command (0x52) len 516
        Handle: 0x001a
          Data: 0505
> ACL Data RX: Handle 64 flags 0x02 dlen 251                #49 [hci0] 7.732210
> ACL Data RX: Handle 64 flags 0x01 dlen 251                #50 [hci0] 7.734669
> ACL Data RX: Handle 64 flags 0x01 dlen 19                 #51 [hci0] 7.734772
      ATT: Write Command (0x52) len 516
        Handle: 0x001a
          Data: 0505
> ACL Data RX: Handle 64 flags 0x02 dlen 251                #52 [hci0] 7.829705
> ACL Data RX: Handle 64 flags 0x01 dlen 251                #53 [hci0] 7.832171
> ACL Data RX: Handle 64 flags 0x01 dlen 19                 #54 [hci0] 7.832273
      ATT: Write Command (0x52) len 516
        Handle: 0x001a
          Data: 0505
> ACL Data RX: Handle 64 flags 0x02 dlen 251                #55 [hci0] 7.975957
> ACL Data RX: Handle 64 flags 0x01 dlen 251                #56 [hci0] 7.978419
> ACL Data RX: Handle 64 flags 0x01 dlen 19                 #57 [hci0] 8.024299
      ATT: Write Command (0x52) len 516
        Handle: 0x001a
          Data: 0505
> ACL Data RX: Handle 64 flags 0x02 dlen 251                #58 [hci0] 8.073461
> ACL Data RX: Handle 64 flags 0x01 dlen 251                #59 [hci0] 8.075924
> ACL Data RX: Handle 64 flags 0x01 dlen 19                 #60 [hci0] 8.076026
      ATT: Write Command (0x52) len 516
        Handle: 0x001a
          Data: 0505
> ACL Data RX: Handle 64 flags 0x02 dlen 251                #61 [hci0] 8.122214
> ACL Data RX: Handle 64 flags 0x01 dlen 251                #62 [hci0] 8.124674
> ACL Data RX: Handle 64 flags 0x01 dlen 19                 #63 [hci0] 8.124776
      ATT: Write Command (0x52) len 516
        Handle: 0x001a
          Data: 0505
> ACL Data RX: Handle 64 flags 0x02 dlen 251                #64 [hci0] 8.219712
> ACL Data RX: Handle 64 flags 0x01 dlen 251                #65 [hci0] 8.222174
> ACL Data RX: Handle 64 flags 0x01 dlen 19                 #66 [hci0] 8.222276
      ATT: Write Command (0x52) len 516
        Handle: 0x001a
          Data: 0505
> ACL Data RX: Handle 64 flags 0x02 dlen 251                #67 [hci0] 8.317215
> ACL Data RX: Handle 64 flags 0x01 dlen 251                #68 [hci0] 8.319674
> ACL Data RX: Handle 64 flags 0x01 dlen 19                 #69 [hci0] 8.319776
      ATT: Write Command (0x52) len 516
        Handle: 0x001a
          Data: 0505
> ACL Data RX: Handle 64 flags 0x02 dlen 251                #70 [hci0] 8.414709
> ACL Data RX: Handle 64 flags 0x01 dlen 251                #71 [hci0] 8.417175
> ACL Data RX: Handle 64 flags 0x01 dlen 19                 #72 [hci0] 8.417277
      ATT: Write Command (0x52) len 516
        Handle: 0x001a
          Data: 0505
> ACL Data RX: Handle 64 flags 0x02 dlen 251                #73 [hci0] 8.512211
> ACL Data RX: Handle 64 flags 0x01 dlen 251                #74 [hci0] 8.514674
> ACL Data RX: Handle 64 flags 0x01 dlen 19                 #75 [hci0] 8.514775
      ATT: Write Command (0x52) len 516
        Handle: 0x001a
          Data: 0505
> ACL Data RX: Handle 64 flags 0x02 dlen 251                #76 [hci0] 8.658469
> ACL Data RX: Handle 64 flags 0x01 dlen 251                #77 [hci0] 8.660929
> ACL Data RX: Handle 64 flags 0x01 dlen 19                 #78 [hci0] 8.661031
      ATT: Write Command (0x52) len 516
        Handle: 0x001a
          Data: 0505
> ACL Data RX: Handle 64 flags 0x02 dlen 251                #79 [hci0] 8.707215
> ACL Data RX: Handle 64 flags 0x01 dlen 251                #80 [hci0] 8.709673
> ACL Data RX: Handle 64 flags 0x01 dlen 19                 #81 [hci0] 8.709774
      ATT: Write Command (0x52) len 516
        Handle: 0x001a
          Data: 0505
> ACL Data RX: Handle 64 flags 0x02 dlen 251                #82 [hci0] 8.804719
> ACL Data RX: Handle 64 flags 0x01 dlen 251                #83 [hci0] 8.807179
> ACL Data RX: Handle 64 flags 0x01 dlen 19                 #84 [hci0] 8.807281
      ATT: Write Command (0x52) len 516
        Handle: 0x001a
          Data: 0505
> ACL Data RX: Handle 64 flags 0x02 dlen 251                #85 [hci0] 8.902219
> ACL Data RX: Handle 64 flags 0x01 dlen 251                #86 [hci0] 8.904708
> ACL Data RX: Handle 64 flags 0x01 dlen 19                 #87 [hci0] 8.904809
      ATT: Write Command (0x52) len 516
        Handle: 0x001a
          Data: 0505
> ACL Data RX: Handle 64 flags 0x02 dlen 251                #88 [hci0] 9.048474
> ACL Data RX: Handle 64 flags 0x01 dlen 251                #89 [hci0] 9.050931
> ACL Data RX: Handle 64 flags 0x01 dlen 19                 #90 [hci0] 9.051033
      ATT: Write Command (0x52) len 516
        Handle: 0x001a
          Data: 0505
> ACL Data RX: Handle 64 flags 0x02 dlen 251                #91 [hci0] 9.145973
> ACL Data RX: Handle 64 flags 0x01 dlen 251                #92 [hci0] 9.148431
> ACL Data RX: Handle 64 flags 0x01 dlen 19                 #93 [hci0] 9.148532
      ATT: Write Command (0x52) len 516
        Handle: 0x001a
          Data: 0505
> ACL Data RX: Handle 64 flags 0x02 dlen 251                #94 [hci0] 9.243475
> ACL Data RX: Handle 64 flags 0x01 dlen 251                #95 [hci0] 9.245938
> ACL Data RX: Handle 64 flags 0x01 dlen 19                 #96 [hci0] 9.246039
      ATT: Write Command (0x52) len 516
        Handle: 0x001a
          Data: 0505
> ACL Data RX: Handle 64 flags 0x02 dlen 251                #97 [hci0] 9.340976
> ACL Data RX: Handle 64 flags 0x01 dlen 251                #98 [hci0] 9.343435
> ACL Data RX: Handle 64 flags 0x01 dlen 19                 #99 [hci0] 9.343537
      ATT: Write Command (0x52) len 516
        Handle: 0x001a
          Data: 0505
> ACL Data RX: Handle 64 flags 0x02 dlen 251               #100 [hci0] 9.438474
> ACL Data RX: Handle 64 flags 0x01 dlen 251               #101 [hci0] 9.440933
> ACL Data RX: Handle 64 flags 0x01 dlen 19                #102 [hci0] 9.441034
      ATT: Write Command (0x52) len 516
        Handle: 0x001a
          Data: 0505
> ACL Data RX: Handle 64 flags 0x02 dlen 251               #103 [hci0] 9.535977
> ACL Data RX: Handle 64 flags 0x01 dlen 251               #104 [hci0] 9.538431
> ACL Data RX: Handle 64 flags 0x01 dlen 19                #105 [hci0] 9.538533
      ATT: Write Command (0x52) len 516
        Handle: 0x001a
          Data: 0505
> ACL Data RX: Handle 64 flags 0x02 dlen 251               #106 [hci0] 9.633478
> ACL Data RX: Handle 64 flags 0x01 dlen 251               #107 [hci0] 9.635985
> ACL Data RX: Handle 64 flags 0x01 dlen 19                #108 [hci0] 9.636087
      ATT: Write Command (0x52) len 516
        Handle: 0x001a
          Data: 0505
> ACL Data RX: Handle 64 flags 0x02 dlen 251               #109 [hci0] 9.730979
> ACL Data RX: Handle 64 flags 0x01 dlen 251               #110 [hci0] 9.733437
> ACL Data RX: Handle 64 flags 0x01 dlen 19                #111 [hci0] 9.733539
      ATT: Write Command (0x52) len 516
        Handle: 0x001a
          Data: 0505
> ACL Data RX: Handle 64 flags 0x02 dlen 251               #112 [hci0] 9.877228
> ACL Data RX: Handle 64 flags 0x01 dlen 251               #113 [hci0] 9.879689
> ACL Data RX: Handle 64 flags 0x01 dlen 19                #114 [hci0] 9.879791
      ATT: Write Command (0x52) len 516
        Handle: 0x001a
          Data: 0505
> ACL Data RX: Handle 64 flags 0x02 dlen 251               #115 [hci0] 9.974727
> ACL Data RX: Handle 64 flags 0x01 dlen 251               #116 [hci0] 9.977188
> ACL Data RX: Handle 64 flags 0x01 dlen 19                #117 [hci0] 9.977290
      ATT: Write Command (0x52) len 516
        Handle: 0x001a
          Data: 0505
> ACL Data RX: Handle 64 flags 0x02 dlen 251              #118 [hci0] 10.072233
> ACL Data RX: Handle 64 flags 0x01 dlen 251              #119 [hci0] 10.074693
> ACL Data RX: Handle 64 flags 0x01 dlen 19               #120 [hci0] 10.074795
      ATT: Write Command (0x52) len 516
        Handle: 0x001a
          Data: 0505
> ACL Data RX: Handle 64 flags 0x02 dlen 251              #121 [hci0] 10.169730
> ACL Data RX: Handle 64 flags 0x01 dlen 251              #122 [hci0] 10.172194
> ACL Data RX: Handle 64 flags 0x01 dlen 19               #123 [hci0] 10.172296
      ATT: Write Command (0x52) len 516
        Handle: 0x001a
          Data: 0505
> ACL Data RX: Handle 64 flags 0x02 dlen 251              #124 [hci0] 10.315976
> ACL Data RX: Handle 64 flags 0x01 dlen 251              #125 [hci0] 10.318444
> ACL Data RX: Handle 64 flags 0x01 dlen 19               #126 [hci0] 10.318546
      ATT: Write Command (0x52) len 516
        Handle: 0x001a
          Data: 0505
> ACL Data RX: Handle 64 flags 0x02 dlen 251              #127 [hci0] 10.413478
> ACL Data RX: Handle 64 flags 0x01 dlen 251              #128 [hci0] 10.415947
> ACL Data RX: Handle 64 flags 0x01 dlen 19               #129 [hci0] 10.416049
      ATT: Write Command (0x52) len 516
        Handle: 0x001a
          Data: 0505
> ACL Data RX: Handle 64 flags 0x02 dlen 251              #130 [hci0] 10.510978
> ACL Data RX: Handle 64 flags 0x01 dlen 251              #131 [hci0] 10.513446
> ACL Data RX: Handle 64 flags 0x01 dlen 19               #132 [hci0] 10.513547
      ATT: Write Command (0x52) len 516
        Handle: 0x001a
          Data: 0505
> ACL Data RX: Handle 64 flags 0x02 dlen 251              #133 [hci0] 10.559900
> ACL Data RX: Handle 64 flags 0x01 dlen 251              #134 [hci0] 10.562196
> ACL Data RX: Handle 64 flags 0x01 dlen 19               #135 [hci0] 10.562297
      ATT: Write Command (0x52) len 516
        Handle: 0x001a
          Data: 0505
> ACL Data RX: Handle 64 flags 0x02 dlen 251              #136 [hci0] 10.657236
> ACL Data RX: Handle 64 flags 0x01 dlen 251              #137 [hci0] 10.659697
> ACL Data RX: Handle 64 flags 0x01 dlen 19               #138 [hci0] 10.659799
      ATT: Write Command (0x52) len 516
        Handle: 0x001a
          Data: 0505
> ACL Data RX: Handle 64 flags 0x02 dlen 251              #139 [hci0] 10.754739
> ACL Data RX: Handle 64 flags 0x01 dlen 251              #140 [hci0] 10.803489
> ACL Data RX: Handle 64 flags 0x01 dlen 19               #141 [hci0] 10.803591
      ATT: Write Command (0x52) len 516
        Handle: 0x001a
          Data: 0505
> ACL Data RX: Handle 64 flags 0x02 dlen 251              #142 [hci0] 10.852241
> ACL Data RX: Handle 64 flags 0x01 dlen 251              #143 [hci0] 10.854699
> ACL Data RX: Handle 64 flags 0x01 dlen 19               #144 [hci0] 10.854802
      ATT: Write Command (0x52) len 516
        Handle: 0x001a
          Data: 0505
> ACL Data RX: Handle 64 flags 0x02 dlen 251              #145 [hci0] 10.949742
> ACL Data RX: Handle 64 flags 0x01 dlen 251              #146 [hci0] 10.952203
> ACL Data RX: Handle 64 flags 0x01 dlen 19               #147 [hci0] 10.952305
      ATT: Write Command (0x52) len 516
        Handle: 0x001a
          Data: 0505
> ACL Data RX: Handle 64 flags 0x02 dlen 251              #148 [hci0] 11.095994
> ACL Data RX: Handle 64 flags 0x01 dlen 251              #149 [hci0] 11.098453
> ACL Data RX: Handle 64 flags 0x01 dlen 19               #150 [hci0] 11.098555
      ATT: Write Command (0x52) len 516
        Handle: 0x001a
          Data: 0505
> ACL Data RX: Handle 64 flags 0x02 dlen 251              #151 [hci0] 11.144743
> ACL Data RX: Handle 64 flags 0x01 dlen 251              #152 [hci0] 11.147203
> ACL Data RX: Handle 64 flags 0x01 dlen 19               #153 [hci0] 11.147305
      ATT: Write Command (0x52) len 516
        Handle: 0x001a
          Data: 0505
> ACL Data RX: Handle 64 flags 0x02 dlen 251              #154 [hci0] 11.242245
> ACL Data RX: Handle 64 flags 0x01 dlen 251              #155 [hci0] 11.244701
> ACL Data RX: Handle 64 flags 0x01 dlen 19               #156 [hci0] 11.244803
      ATT: Write Command (0x52) len 516
        Handle: 0x001a
          Data: 0505
> ACL Data RX: Handle 64 flags 0x02 dlen 251              #157 [hci0] 11.339746
> ACL Data RX: Handle 64 flags 0x01 dlen 251              #158 [hci0] 11.342202
> ACL Data RX: Handle 64 flags 0x01 dlen 19               #159 [hci0] 11.342304
      ATT: Write Command (0x52) len 516
        Handle: 0x001a
          Data: 0505
> ACL Data RX: Handle 64 flags 0x02 dlen 251              #160 [hci0] 11.437248
> ACL Data RX: Handle 64 flags 0x01 dlen 251              #161 [hci0] 11.439700
> ACL Data RX: Handle 64 flags 0x01 dlen 19               #162 [hci0] 11.439802
      ATT: Write Command (0x52) len 516
        Handle: 0x001a
          Data: 0505
> ACL Data RX: Handle 64 flags 0x02 dlen 251              #163 [hci0] 11.583500
> ACL Data RX: Handle 64 flags 0x01 dlen 251              #164 [hci0] 11.585953
> ACL Data RX: Handle 64 flags 0x01 dlen 19               #165 [hci0] 11.586055
      ATT: Write Command (0x52) len 516
        Handle: 0x001a
          Data: 0505
> ACL Data RX: Handle 64 flags 0x02 dlen 251              #166 [hci0] 11.681001
> ACL Data RX: Handle 64 flags 0x01 dlen 251              #167 [hci0] 11.683457
> ACL Data RX: Handle 64 flags 0x01 dlen 19               #168 [hci0] 11.778106
      ATT: Write Command (0x52) len 516
        Handle: 0x001a
          Data: 0505
> ACL Data RX: Handle 64 flags 0x02 dlen 251              #169 [hci0] 11.781604
> ACL Data RX: Handle 64 flags 0x01 dlen 251              #170 [hci0] 11.784099
> ACL Data RX: Handle 64 flags 0x01 dlen 19               #171 [hci0] 11.784201
      ATT: Write Command (0x52) len 516
        Handle: 0x001a
          Data: 0505
> ACL Data RX: Handle 64 flags 0x02 dlen 251              #172 [hci0] 11.876002
> ACL Data RX: Handle 64 flags 0x01 dlen 251              #173 [hci0] 11.878459
> ACL Data RX: Handle 64 flags 0x01 dlen 19               #174 [hci0] 11.878561
      ATT: Write Command (0x52) len 516
        Handle: 0x001a
          Data: 0505
> ACL Data RX: Handle 64 flags 0x02 dlen 251              #175 [hci0] 11.973498
> ACL Data RX: Handle 64 flags 0x01 dlen 251              #176 [hci0] 11.975962
> ACL Data RX: Handle 64 flags 0x01 dlen 19               #177 [hci0] 12.021841
      ATT: Write Command (0x52) len 516
        Handle: 0x001a
          Data: 0505
> ACL Data RX: Handle 64 flags 0x02 dlen 251              #178 [hci0] 12.119754
> ACL Data RX: Handle 64 flags 0x01 dlen 251              #179 [hci0] 12.122212
> ACL Data RX: Handle 64 flags 0x01 dlen 19               #180 [hci0] 12.122314
      ATT: Write Command (0x52) len 516
        Handle: 0x001a
          Data: 0505
> ACL Data RX: Handle 64 flags 0x02 dlen 251              #181 [hci0] 12.217256
> ACL Data RX: Handle 64 flags 0x01 dlen 251              #182 [hci0] 12.219793
> ACL Data RX: Handle 64 flags 0x01 dlen 19               #183 [hci0] 12.219895
      ATT: Write Command (0x52) len 516
        Handle: 0x001a
          Data: 0505
> ACL Data RX: Handle 64 flags 0x02 dlen 251              #184 [hci0] 12.266006
> ACL Data RX: Handle 64 flags 0x01 dlen 251              #185 [hci0] 12.268466
> ACL Data RX: Handle 64 flags 0x01 dlen 19               #186 [hci0] 12.268568
      ATT: Write Command (0x52) len 516
        Handle: 0x001a
          Data: 0505
> ACL Data RX: Handle 64 flags 0x02 dlen 251              #187 [hci0] 12.363505
> ACL Data RX: Handle 64 flags 0x01 dlen 251              #188 [hci0] 12.365966
> ACL Data RX: Handle 64 flags 0x01 dlen 19               #189 [hci0] 12.411844
      ATT: Write Command (0x52) len 516
        Handle: 0x001a
          Data: 0505
> ACL Data RX: Handle 64 flags 0x02 dlen 251              #190 [hci0] 12.461001
> ACL Data RX: Handle 64 flags 0x01 dlen 251              #191 [hci0] 12.463466
> ACL Data RX: Handle 64 flags 0x01 dlen 19               #192 [hci0] 12.463568
      ATT: Write Command (0x52) len 516
        Handle: 0x001a
          Data: 0505
> ACL Data RX: Handle 64 flags 0x02 dlen 251              #193 [hci0] 12.607256
> ACL Data RX: Handle 64 flags 0x01 dlen 251              #194 [hci0] 12.609719
> ACL Data RX: Handle 64 flags 0x01 dlen 19               #195 [hci0] 12.609821
      ATT: Write Command (0x52) len 516
        Handle: 0x001a
          Data: 0505
> ACL Data RX: Handle 64 flags 0x02 dlen 251              #196 [hci0] 12.656008
> ACL Data RX: Handle 64 flags 0x01 dlen 251              #197 [hci0] 12.658468
> ACL Data RX: Handle 64 flags 0x01 dlen 19               #198 [hci0] 12.658570
      ATT: Write Command (0x52) len 516
        Handle: 0x001a
          Data: 0505
> ACL Data RX: Handle 64 flags 0x02 dlen 251              #199 [hci0] 12.802260
> ACL Data RX: Handle 64 flags 0x01 dlen 251              #200 [hci0] 12.804719
> ACL Data RX: Handle 64 flags 0x01 dlen 19               #201 [hci0] 12.804821
      ATT: Write Command (0x52) len 516
        Handle: 0x001a
          Data: 0505
> ACL Data RX: Handle 64 flags 0x02 dlen 251              #202 [hci0] 12.899764
> ACL Data RX: Handle 64 flags 0x01 dlen 251              #203 [hci0] 12.902223
> ACL Data RX: Handle 64 flags 0x01 dlen 19               #204 [hci0] 12.902325
      ATT: Write Command (0x52) len 516
        Handle: 0x001a
          Data: 0505
> ACL Data RX: Handle 64 flags 0x02 dlen 251              #205 [hci0] 12.997260
> ACL Data RX: Handle 64 flags 0x01 dlen 251              #206 [hci0] 12.999722
> ACL Data RX: Handle 64 flags 0x01 dlen 19               #207 [hci0] 12.999823
      ATT: Write Command (0x52) len 516
        Handle: 0x001a
          Data: 0505
> ACL Data RX: Handle 64 flags 0x02 dlen 251              #208 [hci0] 13.094763
> ACL Data RX: Handle 64 flags 0x01 dlen 251              #209 [hci0] 13.097221
> ACL Data RX: Handle 64 flags 0x01 dlen 19               #210 [hci0] 13.097322
      ATT: Write Command (0x52) len 516
        Handle: 0x001a
          Data: 0505
> ACL Data RX: Handle 64 flags 0x02 dlen 251              #211 [hci0] 13.192263
> ACL Data RX: Handle 64 flags 0x01 dlen 251              #212 [hci0] 13.194723
> ACL Data RX: Handle 64 flags 0x01 dlen 19               #213 [hci0] 13.194825
      ATT: Write Command (0x52) len 516
        Handle: 0x001a
          Data: 0505
> ACL Data RX: Handle 64 flags 0x02 dlen 251              #214 [hci0] 13.289766
> ACL Data RX: Handle 64 flags 0x01 dlen 251              #215 [hci0] 13.292224
> ACL Data RX: Handle 64 flags 0x01 dlen 19               #216 [hci0] 13.292326
      ATT: Write Command (0x52) len 516
        Handle: 0x001a
          Data: 0505
> ACL Data RX: Handle 64 flags 0x02 dlen 251              #217 [hci0] 13.387266
> ACL Data RX: Handle 64 flags 0x01 dlen 251              #218 [hci0] 13.389724
> ACL Data RX: Handle 64 flags 0x01 dlen 19               #219 [hci0] 13.389826
      ATT: Write Command (0x52) len 516
        Handle: 0x001a
          Data: 0505
> ACL Data RX: Handle 64 flags 0x02 dlen 251              #220 [hci0] 13.484767
> ACL Data RX: Handle 64 flags 0x01 dlen 251              #221 [hci0] 13.487225
> ACL Data RX: Handle 64 flags 0x01 dlen 19               #222 [hci0] 13.487326
      ATT: Write Command (0x52) len 516
        Handle: 0x001a
          Data: 0505
> ACL Data RX: Handle 64 flags 0x02 dlen 251              #223 [hci0] 13.582269
> ACL Data RX: Handle 64 flags 0x01 dlen 251              #224 [hci0] 13.631016
> ACL Data RX: Handle 64 flags 0x01 dlen 19               #225 [hci0] 13.631118
      ATT: Write Command (0x52) len 516
        Handle: 0x001a
          Data: 0505
> ACL Data RX: Handle 64 flags 0x02 dlen 251              #226 [hci0] 13.728520
> ACL Data RX: Handle 64 flags 0x01 dlen 251              #227 [hci0] 13.730980
> ACL Data RX: Handle 64 flags 0x01 dlen 19               #228 [hci0] 13.731082
      ATT: Write Command (0x52) len 516
        Handle: 0x001a
          Data: 0505
> ACL Data RX: Handle 64 flags 0x02 dlen 251              #229 [hci0] 13.777271
> ACL Data RX: Handle 64 flags 0x01 dlen 251              #230 [hci0] 13.779728
> ACL Data RX: Handle 64 flags 0x01 dlen 19               #231 [hci0] 13.779830
      ATT: Write Command (0x52) len 516
        Handle: 0x001a
          Data: 0505
> ACL Data RX: Handle 64 flags 0x02 dlen 251              #232 [hci0] 13.874770
> ACL Data RX: Handle 64 flags 0x01 dlen 251              #233 [hci0] 13.877226
> ACL Data RX: Handle 64 flags 0x01 dlen 19               #234 [hci0] 13.877328
      ATT: Write Command (0x52) len 516
        Handle: 0x001a
          Data: 0505
> ACL Data RX: Handle 64 flags 0x02 dlen 251              #235 [hci0] 14.021021
> ACL Data RX: Handle 64 flags 0x01 dlen 251              #236 [hci0] 14.023479
> ACL Data RX: Handle 64 flags 0x01 dlen 19               #237 [hci0] 14.069362
      ATT: Write Command (0x52) len 516
        Handle: 0x001a
          Data: 0505
> ACL Data RX: Handle 64 flags 0x02 dlen 251              #238 [hci0] 14.118519
> ACL Data RX: Handle 64 flags 0x01 dlen 251              #239 [hci0] 14.120979
> ACL Data RX: Handle 64 flags 0x01 dlen 19               #240 [hci0] 14.121081
      ATT: Write Command (0x52) len 516
        Handle: 0x001a
          Data: 0505
> ACL Data RX: Handle 64 flags 0x02 dlen 251              #241 [hci0] 14.216023
> ACL Data RX: Handle 64 flags 0x01 dlen 251              #242 [hci0] 14.218482
> ACL Data RX: Handle 64 flags 0x01 dlen 19               #243 [hci0] 14.218584
      ATT: Write Command (0x52) len 516
        Handle: 0x001a
          Data: 0505
> ACL Data RX: Handle 64 flags 0x02 dlen 251              #244 [hci0] 14.313519
> ACL Data RX: Handle 64 flags 0x01 dlen 251              #245 [hci0] 14.315982
> ACL Data RX: Handle 64 flags 0x01 dlen 19               #246 [hci0] 14.316084
      ATT: Write Command (0x52) len 516
        Handle: 0x001a
          Data: 0505
> ACL Data RX: Handle 64 flags 0x02 dlen 251              #247 [hci0] 14.411022
> ACL Data RX: Handle 64 flags 0x01 dlen 251              #248 [hci0] 14.413488
> ACL Data RX: Handle 64 flags 0x01 dlen 19               #249 [hci0] 14.459365
      ATT: Write Command (0x52) len 516
        Handle: 0x001a
          Data: 0505
> ACL Data RX: Handle 64 flags 0x02 dlen 251              #250 [hci0] 14.508529
> ACL Data RX: Handle 64 flags 0x01 dlen 251              #251 [hci0] 14.510989
> ACL Data RX: Handle 64 flags 0x01 dlen 19               #252 [hci0] 14.651923
      ATT: Write Command (0x52) len 516
        Handle: 0x001a
          Data: 0505
> ACL Data RX: Handle 64 flags 0x02 dlen 251              #253 [hci0] 14.655441
> ACL Data RX: Handle 64 flags 0x01 dlen 251              #254 [hci0] 14.657924
> ACL Data RX: Handle 64 flags 0x01 dlen 19               #255 [hci0] 14.658026
      ATT: Write Command (0x52) len 516
        Handle: 0x001a
          Data: 0505
> ACL Data RX: Handle 64 flags 0x02 dlen 251              #256 [hci0] 14.752277
> ACL Data RX: Handle 64 flags 0x01 dlen 251              #257 [hci0] 14.754741
> ACL Data RX: Handle 64 flags 0x01 dlen 19               #258 [hci0] 14.754843
      ATT: Write Command (0x52) len 516
        Handle: 0x001a
          Data: 0505
> ACL Data RX: Handle 64 flags 0x02 dlen 251              #259 [hci0] 14.849781
> ACL Data RX: Handle 64 flags 0x01 dlen 251              #260 [hci0] 14.852242
> ACL Data RX: Handle 64 flags 0x01 dlen 19               #261 [hci0] 14.852344
      ATT: Write Command (0x52) len 516
        Handle: 0x001a
          Data: 0505
> ACL Data RX: Handle 64 flags 0x02 dlen 251              #262 [hci0] 14.898530
> ACL Data RX: Handle 64 flags 0x01 dlen 251              #263 [hci0] 14.900991
> ACL Data RX: Handle 64 flags 0x01 dlen 19               #264 [hci0] 14.946868
      ATT: Write Command (0x52) len 516
        Handle: 0x001a
          Data: 0505
> ACL Data RX: Handle 64 flags 0x02 dlen 251              #265 [hci0] 15.044837
> ACL Data RX: Handle 64 flags 0x01 dlen 251              #266 [hci0] 15.047242
> ACL Data RX: Handle 64 flags 0x01 dlen 19               #267 [hci0] 15.047344
      ATT: Write Command (0x52) len 516
        Handle: 0x001a
          Data: 0505
> ACL Data RX: Handle 64 flags 0x02 dlen 251              #268 [hci0] 15.142284
> ACL Data RX: Handle 64 flags 0x01 dlen 251              #269 [hci0] 15.144776
> ACL Data RX: Handle 64 flags 0x01 dlen 19               #270 [hci0] 15.144878
      ATT: Write Command (0x52) len 516
        Handle: 0x001a
          Data: 0505
> ACL Data RX: Handle 64 flags 0x02 dlen 251              #271 [hci0] 15.288537
> ACL Data RX: Handle 64 flags 0x01 dlen 251              #272 [hci0] 15.290995
> ACL Data RX: Handle 64 flags 0x01 dlen 19               #273 [hci0] 15.291097
      ATT: Write Command (0x52) len 516
        Handle: 0x001a
          Data: 0505
> ACL Data RX: Handle 64 flags 0x02 dlen 251              #274 [hci0] 15.294142
> ACL Data RX: Handle 64 flags 0x01 dlen 251              #275 [hci0] 15.296644
> ACL Data RX: Handle 64 flags 0x01 dlen 19               #276 [hci0] 15.296746
      ATT: Write Command (0x52) len 516
        Handle: 0x001a
          Data: 0505
> ACL Data RX: Handle 64 flags 0x02 dlen 251              #277 [hci0] 15.434788
> ACL Data RX: Handle 64 flags 0x01 dlen 251              #278 [hci0] 15.437249
> ACL Data RX: Handle 64 flags 0x01 dlen 19               #279 [hci0] 15.437350
      ATT: Write Command (0x52) len 516
        Handle: 0x001a
          Data: 0505
> ACL Data RX: Handle 64 flags 0x02 dlen 251              #280 [hci0] 15.532289
> ACL Data RX: Handle 64 flags 0x01 dlen 251              #281 [hci0] 15.534750
> ACL Data RX: Handle 64 flags 0x01 dlen 19               #282 [hci0] 15.534852
      ATT: Write Command (0x52) len 516
        Handle: 0x001a
          Data: 0505
> ACL Data RX: Handle 64 flags 0x02 dlen 251              #283 [hci0] 15.629789
> ACL Data RX: Handle 64 flags 0x01 dlen 251              #284 [hci0] 15.632250
> ACL Data RX: Handle 64 flags 0x01 dlen 19               #285 [hci0] 15.632352
      ATT: Write Command (0x52) len 516
        Handle: 0x001a
          Data: 0505
> ACL Data RX: Handle 64 flags 0x02 dlen 251              #286 [hci0] 15.776040
> ACL Data RX: Handle 64 flags 0x01 dlen 251              #287 [hci0] 15.778496
> ACL Data RX: Handle 64 flags 0x01 dlen 19               #288 [hci0] 15.778598
      ATT: Write Command (0x52) len 516
        Handle: 0x001a
          Data: 0505
> ACL Data RX: Handle 64 flags 0x02 dlen 251              #289 [hci0] 15.824792
> ACL Data RX: Handle 64 flags 0x01 dlen 251              #290 [hci0] 15.827252
> ACL Data RX: Handle 64 flags 0x01 dlen 19               #291 [hci0] 15.827354
      ATT: Write Command (0x52) len 516
        Handle: 0x001a
          Data: 0505
> ACL Data RX: Handle 64 flags 0x02 dlen 251              #292 [hci0] 15.922292
> ACL Data RX: Handle 64 flags 0x01 dlen 251              #293 [hci0] 15.924752
> ACL Data RX: Handle 64 flags 0x01 dlen 19               #294 [hci0] 15.924854
      ATT: Write Command (0x52) len 516
        Handle: 0x001a
          Data: 0505
> ACL Data RX: Handle 64 flags 0x02 dlen 251              #295 [hci0] 16.117295
> ACL Data RX: Handle 64 flags 0x01 dlen 251              #296 [hci0] 16.119755
> ACL Data RX: Handle 64 flags 0x01 dlen 19               #297 [hci0] 16.119857
      ATT: Write Command (0x52) len 516
        Handle: 0x001a
          Data: 0505
> ACL Data RX: Handle 64 flags 0x02 dlen 251              #298 [hci0] 16.122901
> ACL Data RX: Handle 64 flags 0x01 dlen 251              #299 [hci0] 16.125402
> ACL Data RX: Handle 64 flags 0x01 dlen 19               #300 [hci0] 16.125504
      ATT: Write Command (0x52) len 516
        Handle: 0x001a
          Data: 0505
> ACL Data RX: Handle 64 flags 0x02 dlen 251              #301 [hci0] 16.263547
> ACL Data RX: Handle 64 flags 0x01 dlen 251              #302 [hci0] 16.266006
> ACL Data RX: Handle 64 flags 0x01 dlen 19               #303 [hci0] 16.266108
      ATT: Write Command (0x52) len 516
        Handle: 0x001a
          Data: 0505
> ACL Data RX: Handle 64 flags 0x02 dlen 251              #304 [hci0] 16.312294
> ACL Data RX: Handle 64 flags 0x01 dlen 251              #305 [hci0] 16.314756
> ACL Data RX: Handle 64 flags 0x01 dlen 19               #306 [hci0] 16.314858
      ATT: Write Command (0x52) len 516
        Handle: 0x001a
          Data: 0505
> ACL Data RX: Handle 64 flags 0x02 dlen 251              #307 [hci0] 16.507296
> ACL Data RX: Handle 64 flags 0x01 dlen 251              #308 [hci0] 16.509757
> ACL Data RX: Handle 64 flags 0x01 dlen 19               #309 [hci0] 16.509860
      ATT: Write Command (0x52) len 516
        Handle: 0x001a
          Data: 0505
> ACL Data RX: Handle 64 flags 0x02 dlen 251              #310 [hci0] 16.512905
> ACL Data RX: Handle 64 flags 0x01 dlen 251              #311 [hci0] 16.515407
> ACL Data RX: Handle 64 flags 0x01 dlen 19               #312 [hci0] 16.515509
      ATT: Write Command (0x52) len 516
        Handle: 0x001a
          Data: 0505
> ACL Data RX: Handle 64 flags 0x02 dlen 251              #313 [hci0] 16.653548
> ACL Data RX: Handle 64 flags 0x01 dlen 251              #314 [hci0] 16.656075
> ACL Data RX: Handle 64 flags 0x01 dlen 19               #315 [hci0] 16.701888
      ATT: Write Command (0x52) len 516
        Handle: 0x001a
          Data: 0505
> ACL Data RX: Handle 64 flags 0x02 dlen 251              #316 [hci0] 16.751052
> ACL Data RX: Handle 64 flags 0x01 dlen 251              #317 [hci0] 16.799801
> ACL Data RX: Handle 64 flags 0x01 dlen 19               #318 [hci0] 16.799903
      ATT: Write Command (0x52) len 516
        Handle: 0x001a
          Data: 0505
> ACL Data RX: Handle 64 flags 0x02 dlen 251              #319 [hci0] 16.848551
> ACL Data RX: Handle 64 flags 0x01 dlen 251              #320 [hci0] 16.851013
> ACL Data RX: Handle 64 flags 0x01 dlen 19               #321 [hci0] 16.851115
      ATT: Write Command (0x52) len 516
        Handle: 0x001a
          Data: 0505
> ACL Data RX: Handle 64 flags 0x02 dlen 251              #322 [hci0] 16.946052
> ACL Data RX: Handle 64 flags 0x01 dlen 251              #323 [hci0] 16.948513
> ACL Data RX: Handle 64 flags 0x01 dlen 19               #324 [hci0] 16.948615
      ATT: Write Command (0x52) len 516
        Handle: 0x001a
          Data: 0505
> ACL Data RX: Handle 64 flags 0x02 dlen 251              #325 [hci0] 17.141050
> ACL Data RX: Handle 64 flags 0x01 dlen 251              #326 [hci0] 17.143516
> ACL Data RX: Handle 64 flags 0x01 dlen 19               #327 [hci0] 17.143617
      ATT: Write Command (0x52) len 516
        Handle: 0x001a
          Data: 0505
> ACL Data RX: Handle 64 flags 0x02 dlen 251              #328 [hci0] 17.336055
> ACL Data RX: Handle 64 flags 0x01 dlen 251              #329 [hci0] 17.338517
> ACL Data RX: Handle 64 flags 0x01 dlen 19               #330 [hci0] 17.338619
      ATT: Write Command (0x52) len 516
        Handle: 0x001a
          Data: 0505
> ACL Data RX: Handle 64 flags 0x02 dlen 251              #331 [hci0] 17.384807
> ACL Data RX: Handle 64 flags 0x01 dlen 251              #332 [hci0] 17.387266
> ACL Data RX: Handle 64 flags 0x01 dlen 19               #333 [hci0] 17.387368
      ATT: Write Command (0x52) len 516
        Handle: 0x001a
          Data: 0505
> ACL Data RX: Handle 64 flags 0x02 dlen 251              #334 [hci0] 17.482309
> ACL Data RX: Handle 64 flags 0x01 dlen 251              #335 [hci0] 17.484767
> ACL Data RX: Handle 64 flags 0x01 dlen 19               #336 [hci0] 17.484869
      ATT: Write Command (0x52) len 516
        Handle: 0x001a
          Data: 0505
> ACL Data RX: Handle 64 flags 0x02 dlen 251              #337 [hci0] 17.628558
> ACL Data RX: Handle 64 flags 0x01 dlen 251              #338 [hci0] 17.631020
> ACL Data RX: Handle 64 flags 0x01 dlen 19               #339 [hci0] 17.631122
      ATT: Write Command (0x52) len 516
        Handle: 0x001a
          Data: 0505
> ACL Data RX: Handle 64 flags 0x02 dlen 251              #340 [hci0] 17.677311
> ACL Data RX: Handle 64 flags 0x01 dlen 251              #341 [hci0] 17.679772
> ACL Data RX: Handle 64 flags 0x01 dlen 19               #342 [hci0] 17.679874
      ATT: Write Command (0x52) len 516
        Handle: 0x001a
          Data: 0505
> ACL Data RX: Handle 64 flags 0x02 dlen 251              #343 [hci0] 17.774812
> ACL Data RX: Handle 64 flags 0x01 dlen 251              #344 [hci0] 17.823555
> ACL Data RX: Handle 64 flags 0x01 dlen 19               #345 [hci0] 17.823657
      ATT: Write Command (0x52) len 516
        Handle: 0x001a
          Data: 0505
> ACL Data RX: Handle 64 flags 0x02 dlen 251              #346 [hci0] 17.872311
> ACL Data RX: Handle 64 flags 0x01 dlen 251              #347 [hci0] 17.921057
> ACL Data RX: Handle 64 flags 0x01 dlen 19               #348 [hci0] 17.921159
      ATT: Write Command (0x52) len 516
        Handle: 0x001a
          Data: 0505
> ACL Data RX: Handle 64 flags 0x02 dlen 251              #349 [hci0] 17.924167
> ACL Data RX: Handle 64 flags 0x01 dlen 251              #350 [hci0] 17.926664
> ACL Data RX: Handle 64 flags 0x01 dlen 19               #351 [hci0] 17.926766
      ATT: Write Command (0x52) len 516
        Handle: 0x001a
          Data: 0505
> ACL Data RX: Handle 64 flags 0x02 dlen 251              #352 [hci0] 17.969841
> ACL Data RX: Handle 64 flags 0x01 dlen 251              #353 [hci0] 17.972267
> ACL Data RX: Handle 64 flags 0x01 dlen 19               #354 [hci0] 17.972369
      ATT: Write Command (0x52) len 516
        Handle: 0x001a
          Data: 0505
> ACL Data RX: Handle 64 flags 0x02 dlen 251              #355 [hci0] 18.067314
> ACL Data RX: Handle 64 flags 0x01 dlen 251              #356 [hci0] 18.069773
> ACL Data RX: Handle 64 flags 0x01 dlen 19               #357 [hci0] 18.069874
      ATT: Write Command (0x52) len 516
        Handle: 0x001a
          Data: 0505
> ACL Data RX: Handle 64 flags 0x02 dlen 251              #358 [hci0] 18.164815
> ACL Data RX: Handle 64 flags 0x01 dlen 251              #359 [hci0] 18.167272
> ACL Data RX: Handle 64 flags 0x01 dlen 19               #360 [hci0] 18.167374
      ATT: Write Command (0x52) len 516
        Handle: 0x001a
          Data: 0505
> ACL Data RX: Handle 64 flags 0x02 dlen 251              #361 [hci0] 18.262317
> ACL Data RX: Handle 64 flags 0x01 dlen 251              #362 [hci0] 18.264775
> ACL Data RX: Handle 64 flags 0x01 dlen 19               #363 [hci0] 18.264877
      ATT: Write Command (0x52) len 516
        Handle: 0x001a
          Data: 0505
> ACL Data RX: Handle 64 flags 0x02 dlen 251              #364 [hci0] 18.359816
> ACL Data RX: Handle 64 flags 0x01 dlen 251              #365 [hci0] 18.362277
> ACL Data RX: Handle 64 flags 0x01 dlen 19               #366 [hci0] 18.362379
      ATT: Write Command (0x52) len 516
        Handle: 0x001a
          Data: 0505
> ACL Data RX: Handle 64 flags 0x02 dlen 251              #367 [hci0] 18.457316
> ACL Data RX: Handle 64 flags 0x01 dlen 251              #368 [hci0] 18.459777
> ACL Data RX: Handle 64 flags 0x01 dlen 19               #369 [hci0] 18.459879
      ATT: Write Command (0x52) len 516
        Handle: 0x001a
          Data: 0505
> ACL Data RX: Handle 64 flags 0x02 dlen 251              #370 [hci0] 18.554817
> ACL Data RX: Handle 64 flags 0x01 dlen 251              #371 [hci0] 18.557277
> ACL Data RX: Handle 64 flags 0x01 dlen 19               #372 [hci0] 18.557379
      ATT: Write Command (0x52) len 516
        Handle: 0x001a
          Data: 0505
> ACL Data RX: Handle 64 flags 0x02 dlen 251              #373 [hci0] 18.701070
> ACL Data RX: Handle 64 flags 0x01 dlen 251              #374 [hci0] 18.703531
> ACL Data RX: Handle 64 flags 0x01 dlen 19               #375 [hci0] 18.703633
      ATT: Write Command (0x52) len 516
        Handle: 0x001a
          Data: 0505
> ACL Data RX: Handle 64 flags 0x02 dlen 251              #376 [hci0] 18.798572
> ACL Data RX: Handle 64 flags 0x01 dlen 251              #377 [hci0] 18.847322
> ACL Data RX: Handle 64 flags 0x01 dlen 19               #378 [hci0] 18.847424
      ATT: Write Command (0x52) len 516
        Handle: 0x001a
          Data: 0505
> ACL Data RX: Handle 64 flags 0x02 dlen 251              #379 [hci0] 18.896073
> ACL Data RX: Handle 64 flags 0x01 dlen 251              #380 [hci0] 18.944824
> ACL Data RX: Handle 64 flags 0x01 dlen 19               #381 [hci0] 18.944926
      ATT: Write Command (0x52) len 516
        Handle: 0x001a
          Data: 0505
> ACL Data RX: Handle 64 flags 0x02 dlen 251              #382 [hci0] 18.993563
> ACL Data RX: Handle 64 flags 0x01 dlen 251              #383 [hci0] 18.996033
> ACL Data RX: Handle 64 flags 0x01 dlen 19               #384 [hci0] 18.996135
      ATT: Write Command (0x52) len 516
        Handle: 0x001a
          Data: 0505
> ACL Data RX: Handle 64 flags 0x02 dlen 251              #385 [hci0] 19.091067
> ACL Data RX: Handle 64 flags 0x01 dlen 251              #386 [hci0] 19.093534
> ACL Data RX: Handle 64 flags 0x01 dlen 19               #387 [hci0] 19.093636
      ATT: Write Command (0x52) len 516
        Handle: 0x001a
          Data: 0505
> ACL Data RX: Handle 64 flags 0x02 dlen 251              #388 [hci0] 19.188574
> ACL Data RX: Handle 64 flags 0x01 dlen 251              #389 [hci0] 19.191038
> ACL Data RX: Handle 64 flags 0x01 dlen 19               #390 [hci0] 19.191139
      ATT: Write Command (0x52) len 516
        Handle: 0x001a
          Data: 0505
> ACL Data RX: Handle 64 flags 0x02 dlen 251              #391 [hci0] 19.286077
> ACL Data RX: Handle 64 flags 0x01 dlen 251              #392 [hci0] 19.288537
> ACL Data RX: Handle 64 flags 0x01 dlen 19               #393 [hci0] 19.288639
      ATT: Write Command (0x52) len 516
        Handle: 0x001a
          Data: 0505
> ACL Data RX: Handle 64 flags 0x02 dlen 251              #394 [hci0] 19.383577
> ACL Data RX: Handle 64 flags 0x01 dlen 251              #395 [hci0] 19.386035
> ACL Data RX: Handle 64 flags 0x01 dlen 19               #396 [hci0] 19.386137
      ATT: Write Command (0x52) len 516
        Handle: 0x001a
          Data: 0505
> ACL Data RX: Handle 64 flags 0x02 dlen 251              #397 [hci0] 19.481141
> ACL Data RX: Handle 64 flags 0x01 dlen 251              #398 [hci0] 19.483538
> ACL Data RX: Handle 64 flags 0x01 dlen 19               #399 [hci0] 19.483640
      ATT: Write Command (0x52) len 516
        Handle: 0x001a
          Data: 0505
> ACL Data RX: Handle 64 flags 0x02 dlen 251              #400 [hci0] 19.578580
> ACL Data RX: Handle 64 flags 0x01 dlen 251              #401 [hci0] 19.581069
> ACL Data RX: Handle 64 flags 0x01 dlen 19               #402 [hci0] 19.581189
      ATT: Write Command (0x52) len 516
        Handle: 0x001a
          Data: 0505
> ACL Data RX: Handle 64 flags 0x02 dlen 251              #403 [hci0] 19.676079
> ACL Data RX: Handle 64 flags 0x01 dlen 251              #404 [hci0] 19.678539
> ACL Data RX: Handle 64 flags 0x01 dlen 19               #405 [hci0] 19.678641
      ATT: Write Command (0x52) len 516
        Handle: 0x001a
          Data: 0505
> ACL Data RX: Handle 64 flags 0x02 dlen 251              #406 [hci0] 19.773580
> ACL Data RX: Handle 64 flags 0x01 dlen 251              #407 [hci0] 19.776040
> ACL Data RX: Handle 64 flags 0x01 dlen 19               #408 [hci0] 19.776142
      ATT: Write Command (0x52) len 516
        Handle: 0x001a
          Data: 0505
> ACL Data RX: Handle 64 flags 0x02 dlen 251              #409 [hci0] 19.919832
> ACL Data RX: Handle 64 flags 0x01 dlen 251              #410 [hci0] 19.968580
> ACL Data RX: Handle 64 flags 0x01 dlen 19               #411 [hci0] 19.968681
      ATT: Write Command (0x52) len 516
        Handle: 0x001a
          Data: 0505
> ACL Data RX: Handle 64 flags 0x02 dlen 251              #412 [hci0] 20.017333
> ACL Data RX: Handle 64 flags 0x01 dlen 251              #413 [hci0] 20.019795
> ACL Data RX: Handle 64 flags 0x01 dlen 19               #414 [hci0] 20.019897
      ATT: Write Command (0x52) len 516
        Handle: 0x001a
          Data: 0505
> ACL Data RX: Handle 64 flags 0x02 dlen 251              #415 [hci0] 20.066085
> ACL Data RX: Handle 64 flags 0x01 dlen 251              #416 [hci0] 20.068543
> ACL Data RX: Handle 64 flags 0x01 dlen 19               #417 [hci0] 20.068645
      ATT: Write Command (0x52) len 516
        Handle: 0x001a
          Data: 0505
> ACL Data RX: Handle 64 flags 0x02 dlen 251              #418 [hci0] 20.212337
> ACL Data RX: Handle 64 flags 0x01 dlen 251              #419 [hci0] 20.214796
> ACL Data RX: Handle 64 flags 0x01 dlen 19               #420 [hci0] 20.214898
      ATT: Write Command (0x52) len 516
        Handle: 0x001a
          Data: 0505
> ACL Data RX: Handle 64 flags 0x02 dlen 251              #421 [hci0] 20.309835
> ACL Data RX: Handle 64 flags 0x01 dlen 251              #422 [hci0] 20.312297
> ACL Data RX: Handle 64 flags 0x01 dlen 19               #423 [hci0] 20.312399
      ATT: Write Command (0x52) len 516
        Handle: 0x001a
          Data: 0505
> ACL Data RX: Handle 64 flags 0x02 dlen 251              #424 [hci0] 20.407337
> ACL Data RX: Handle 64 flags 0x01 dlen 251              #425 [hci0] 20.409791
> ACL Data RX: Handle 64 flags 0x01 dlen 19               #426 [hci0] 20.409893
      ATT: Write Command (0x52) len 516
        Handle: 0x001a
          Data: 0505
> ACL Data RX: Handle 64 flags 0x02 dlen 251              #427 [hci0] 20.504839
> ACL Data RX: Handle 64 flags 0x01 dlen 251              #428 [hci0] 20.507297
> ACL Data RX: Handle 64 flags 0x01 dlen 19               #429 [hci0] 20.507399
      ATT: Write Command (0x52) len 516
        Handle: 0x001a
          Data: 0505
> ACL Data RX: Handle 64 flags 0x02 dlen 251              #430 [hci0] 20.602340
> ACL Data RX: Handle 64 flags 0x01 dlen 251              #431 [hci0] 20.604799
> ACL Data RX: Handle 64 flags 0x01 dlen 19               #432 [hci0] 20.604900
      ATT: Write Command (0x52) len 516
        Handle: 0x001a
          Data: 0505
> ACL Data RX: Handle 64 flags 0x02 dlen 251              #433 [hci0] 20.699841
> ACL Data RX: Handle 64 flags 0x01 dlen 251              #434 [hci0] 20.702302
> ACL Data RX: Handle 64 flags 0x01 dlen 19               #435 [hci0] 20.702404
      ATT: Write Command (0x52) len 516
        Handle: 0x001a
          Data: 0505
> ACL Data RX: Handle 64 flags 0x02 dlen 251              #436 [hci0] 20.797343
> ACL Data RX: Handle 64 flags 0x01 dlen 251              #437 [hci0] 20.799803
> ACL Data RX: Handle 64 flags 0x01 dlen 19               #438 [hci0] 20.799905
      ATT: Write Command (0x52) len 516
        Handle: 0x001a
          Data: 0505
> ACL Data RX: Handle 64 flags 0x02 dlen 251              #439 [hci0] 20.943592
> ACL Data RX: Handle 64 flags 0x01 dlen 251              #440 [hci0] 20.992395
> ACL Data RX: Handle 64 flags 0x01 dlen 19               #441 [hci0] 20.992508
      ATT: Write Command (0x52) len 516
        Handle: 0x001a
          Data: 0505
> ACL Data RX: Handle 64 flags 0x02 dlen 251              #442 [hci0] 20.995443
> ACL Data RX: Handle 64 flags 0x01 dlen 251              #443 [hci0] 20.997947
> ACL Data RX: Handle 64 flags 0x01 dlen 19               #444 [hci0] 20.998049
      ATT: Write Command (0x52) len 516
        Handle: 0x001a
          Data: 0505
> ACL Data RX: Handle 64 flags 0x02 dlen 251              #445 [hci0] 21.089844
> ACL Data RX: Handle 64 flags 0x01 dlen 251              #446 [hci0] 21.092363
> ACL Data RX: Handle 64 flags 0x01 dlen 19               #447 [hci0] 21.092489
      ATT: Write Command (0x52) len 516
        Handle: 0x001a
          Data: 0505
> ACL Data RX: Handle 64 flags 0x02 dlen 251              #448 [hci0] 21.236097
> ACL Data RX: Handle 64 flags 0x01 dlen 251              #449 [hci0] 21.238556
> ACL Data RX: Handle 64 flags 0x01 dlen 19               #450 [hci0] 21.238658
      ATT: Write Command (0x52) len 516
        Handle: 0x001a
          Data: 0505
> ACL Data RX: Handle 64 flags 0x02 dlen 251              #451 [hci0] 21.284847
> ACL Data RX: Handle 64 flags 0x01 dlen 251              #452 [hci0] 21.287306
> ACL Data RX: Handle 64 flags 0x01 dlen 19               #453 [hci0] 21.287408
      ATT: Write Command (0x52) len 516
        Handle: 0x001a
          Data: 0505
> ACL Data RX: Handle 64 flags 0x02 dlen 251              #454 [hci0] 21.382348
> ACL Data RX: Handle 64 flags 0x01 dlen 251              #455 [hci0] 21.384809
> ACL Data RX: Handle 64 flags 0x01 dlen 19               #456 [hci0] 21.384911
      ATT: Write Command (0x52) len 516
        Handle: 0x001a
          Data: 0505
> ACL Data RX: Handle 64 flags 0x02 dlen 251              #457 [hci0] 21.528597
> ACL Data RX: Handle 64 flags 0x01 dlen 251              #458 [hci0] 21.531059
> ACL Data RX: Handle 64 flags 0x01 dlen 19               #459 [hci0] 21.531160
      ATT: Write Command (0x52) len 516
        Handle: 0x001a
          Data: 0505
> ACL Data RX: Handle 64 flags 0x02 dlen 251              #460 [hci0] 21.626099
> ACL Data RX: Handle 64 flags 0x01 dlen 251              #461 [hci0] 21.628561
> ACL Data RX: Handle 64 flags 0x01 dlen 19               #462 [hci0] 21.628663
      ATT: Write Command (0x52) len 516
        Handle: 0x001a
          Data: 0505
> ACL Data RX: Handle 64 flags 0x02 dlen 251              #463 [hci0] 21.723601
> ACL Data RX: Handle 64 flags 0x01 dlen 251              #464 [hci0] 21.726058
> ACL Data RX: Handle 64 flags 0x01 dlen 19               #465 [hci0] 21.726160
      ATT: Write Command (0x52) len 516
        Handle: 0x001a
          Data: 0505
> ACL Data RX: Handle 64 flags 0x02 dlen 251              #466 [hci0] 21.821103
> ACL Data RX: Handle 64 flags 0x01 dlen 251              #467 [hci0] 21.823561
> ACL Data RX: Handle 64 flags 0x01 dlen 19               #468 [hci0] 21.823663
      ATT: Write Command (0x52) len 516
        Handle: 0x001a
          Data: 0505
> ACL Data RX: Handle 64 flags 0x02 dlen 251              #469 [hci0] 21.918602
> ACL Data RX: Handle 64 flags 0x01 dlen 251              #470 [hci0] 21.921061
> ACL Data RX: Handle 64 flags 0x01 dlen 19               #471 [hci0] 21.921163
      ATT: Write Command (0x52) len 516
        Handle: 0x001a
          Data: 0505
> ACL Data RX: Handle 64 flags 0x02 dlen 251              #472 [hci0] 22.016104
> ACL Data RX: Handle 64 flags 0x01 dlen 251              #473 [hci0] 22.018565
> ACL Data RX: Handle 64 flags 0x01 dlen 19               #474 [hci0] 22.018666
      ATT: Write Command (0x52) len 516
        Handle: 0x001a
          Data: 0505
> ACL Data RX: Handle 64 flags 0x02 dlen 251              #475 [hci0] 22.113605
> ACL Data RX: Handle 64 flags 0x01 dlen 251              #476 [hci0] 22.116065
> ACL Data RX: Handle 64 flags 0x01 dlen 19               #477 [hci0] 22.116167
      ATT: Write Command (0x52) len 516
        Handle: 0x001a
          Data: 0505
> ACL Data RX: Handle 64 flags 0x02 dlen 251              #478 [hci0] 22.260279
> ACL Data RX: Handle 64 flags 0x01 dlen 251              #479 [hci0] 22.262773
> ACL Data RX: Handle 64 flags 0x01 dlen 19               #480 [hci0] 22.262875
      ATT: Write Command (0x52) len 516
        Handle: 0x001a
          Data: 0505
> ACL Data RX: Handle 64 flags 0x02 dlen 251              #481 [hci0] 22.357359
> ACL Data RX: Handle 64 flags 0x01 dlen 251              #482 [hci0] 22.359813
> ACL Data RX: Handle 64 flags 0x01 dlen 19               #483 [hci0] 22.359915
      ATT: Write Command (0x52) len 516
        Handle: 0x001a
          Data: 0505
> ACL Data RX: Handle 64 flags 0x02 dlen 251              #484 [hci0] 22.454858
> ACL Data RX: Handle 64 flags 0x01 dlen 251              #485 [hci0] 22.457316
> ACL Data RX: Handle 64 flags 0x01 dlen 19               #486 [hci0] 22.457418
      ATT: Write Command (0x52) len 516
        Handle: 0x001a
          Data: 0505
> ACL Data RX: Handle 64 flags 0x02 dlen 251              #487 [hci0] 22.503609
> ACL Data RX: Handle 64 flags 0x01 dlen 251              #488 [hci0] 22.506067
> ACL Data RX: Handle 64 flags 0x01 dlen 19               #489 [hci0] 22.506169
      ATT: Write Command (0x52) len 516
        Handle: 0x001a
          Data: 0505
> ACL Data RX: Handle 64 flags 0x02 dlen 251              #490 [hci0] 22.649861
> ACL Data RX: Handle 64 flags 0x01 dlen 251              #491 [hci0] 22.652322
> ACL Data RX: Handle 64 flags 0x01 dlen 19               #492 [hci0] 22.652424
      ATT: Write Command (0x52) len 516
        Handle: 0x001a
          Data: 0505
> ACL Data RX: Handle 64 flags 0x02 dlen 251              #493 [hci0] 22.747361
> ACL Data RX: Handle 64 flags 0x01 dlen 251              #494 [hci0] 22.749819
> ACL Data RX: Handle 64 flags 0x01 dlen 19               #495 [hci0] 22.749920
      ATT: Write Command (0x52) len 516
        Handle: 0x001a
          Data: 0505
> ACL Data RX: Handle 64 flags 0x02 dlen 251              #496 [hci0] 22.844863
> ACL Data RX: Handle 64 flags 0x01 dlen 251              #497 [hci0] 22.847323
> ACL Data RX: Handle 64 flags 0x01 dlen 19               #498 [hci0] 22.847425
      ATT: Write Command (0x52) len 516
        Handle: 0x001a
          Data: 0505
> ACL Data RX: Handle 64 flags 0x02 dlen 251              #499 [hci0] 22.942361
> ACL Data RX: Handle 64 flags 0x01 dlen 251              #500 [hci0] 22.944823
> ACL Data RX: Handle 64 flags 0x01 dlen 19               #501 [hci0] 22.944925
      ATT: Write Command (0x52) len 516
        Handle: 0x001a
          Data: 0505
> ACL Data RX: Handle 64 flags 0x02 dlen 251              #502 [hci0] 23.039862
> ACL Data RX: Handle 64 flags 0x01 dlen 251              #503 [hci0] 23.042326
> ACL Data RX: Handle 64 flags 0x01 dlen 19               #504 [hci0] 23.042428
      ATT: Write Command (0x52) len 516
        Handle: 0x001a
          Data: 0505
> ACL Data RX: Handle 64 flags 0x02 dlen 251              #505 [hci0] 23.137365
> ACL Data RX: Handle 64 flags 0x01 dlen 251              #506 [hci0] 23.139827
> ACL Data RX: Handle 64 flags 0x01 dlen 19               #507 [hci0] 23.139929
      ATT: Write Command (0x52) len 516
        Handle: 0x001a
          Data: 0505
> ACL Data RX: Handle 64 flags 0x02 dlen 251              #508 [hci0] 23.234863
> ACL Data RX: Handle 64 flags 0x01 dlen 251              #509 [hci0] 23.237326
> ACL Data RX: Handle 64 flags 0x01 dlen 19               #510 [hci0] 23.237428
      ATT: Write Command (0x52) len 516
        Handle: 0x001a
          Data: 0505
> ACL Data RX: Handle 64 flags 0x02 dlen 251              #511 [hci0] 23.381113
> ACL Data RX: Handle 64 flags 0x01 dlen 251              #512 [hci0] 23.383579
> ACL Data RX: Handle 64 flags 0x01 dlen 19               #513 [hci0] 23.383681
      ATT: Write Command (0x52) len 516
        Handle: 0x001a
          Data: 0505
> ACL Data RX: Handle 64 flags 0x02 dlen 251              #514 [hci0] 23.429869
> ACL Data RX: Handle 64 flags 0x01 dlen 251              #515 [hci0] 23.432330
> ACL Data RX: Handle 64 flags 0x01 dlen 19               #516 [hci0] 23.432432
      ATT: Write Command (0x52) len 516
        Handle: 0x001a
          Data: 0505
> ACL Data RX: Handle 64 flags 0x02 dlen 251              #517 [hci0] 23.527364
> ACL Data RX: Handle 64 flags 0x01 dlen 251              #518 [hci0] 23.529828
> ACL Data RX: Handle 64 flags 0x01 dlen 19               #519 [hci0] 23.529929
      ATT: Write Command (0x52) len 516
        Handle: 0x001a
          Data: 0505
> ACL Data RX: Handle 64 flags 0x02 dlen 251              #520 [hci0] 23.673622
> ACL Data RX: Handle 64 flags 0x01 dlen 251              #521 [hci0] 23.676082
> ACL Data RX: Handle 64 flags 0x01 dlen 19               #522 [hci0] 23.676183
      ATT: Write Command (0x52) len 516
        Handle: 0x001a
          Data: 0505
> ACL Data RX: Handle 64 flags 0x02 dlen 251              #523 [hci0] 23.771125
> ACL Data RX: Handle 64 flags 0x01 dlen 251              #524 [hci0] 23.773583
> ACL Data RX: Handle 64 flags 0x01 dlen 19               #525 [hci0] 23.773685
      ATT: Write Command (0x52) len 516
        Handle: 0x001a
          Data: 0505
> ACL Data RX: Handle 64 flags 0x02 dlen 251              #526 [hci0] 23.868624
> ACL Data RX: Handle 64 flags 0x01 dlen 251              #527 [hci0] 23.871081
> ACL Data RX: Handle 64 flags 0x01 dlen 19               #528 [hci0] 23.871182
      ATT: Write Command (0x52) len 516
        Handle: 0x001a
          Data: 0505
> ACL Data RX: Handle 64 flags 0x02 dlen 251              #529 [hci0] 23.966124
> ACL Data RX: Handle 64 flags 0x01 dlen 251              #530 [hci0] 23.968583
> ACL Data RX: Handle 64 flags 0x01 dlen 19               #531 [hci0] 23.968685
      ATT: Write Command (0x52) len 516
        Handle: 0x001a
          Data: 0505
> ACL Data RX: Handle 64 flags 0x02 dlen 251              #532 [hci0] 24.112374
> ACL Data RX: Handle 64 flags 0x01 dlen 251              #533 [hci0] 24.114835
> ACL Data RX: Handle 64 flags 0x01 dlen 19               #534 [hci0] 24.114937
      ATT: Write Command (0x52) len 516
        Handle: 0x001a
          Data: 0505
> ACL Data RX: Handle 64 flags 0x02 dlen 251              #535 [hci0] 24.161127
> ACL Data RX: Handle 64 flags 0x01 dlen 251              #536 [hci0] 24.163586
> ACL Data RX: Handle 64 flags 0x01 dlen 19               #537 [hci0] 24.163688
      ATT: Write Command (0x52) len 516
        Handle: 0x001a
          Data: 0505
> ACL Data RX: Handle 64 flags 0x02 dlen 251              #538 [hci0] 24.258627
> ACL Data RX: Handle 64 flags 0x01 dlen 251              #539 [hci0] 24.261086
> ACL Data RX: Handle 64 flags 0x01 dlen 19               #540 [hci0] 24.261188
      ATT: Write Command (0x52) len 516
        Handle: 0x001a
          Data: 0505
> ACL Data RX: Handle 64 flags 0x02 dlen 251              #541 [hci0] 24.356128
> ACL Data RX: Handle 64 flags 0x01 dlen 251              #542 [hci0] 24.358584
> ACL Data RX: Handle 64 flags 0x01 dlen 19               #543 [hci0] 24.402005
      ATT: Write Command (0x52) len 516
        Handle: 0x001a
          Data: 0505
> ACL Data RX: Handle 64 flags 0x02 dlen 251              #544 [hci0] 24.453630
> ACL Data RX: Handle 64 flags 0x01 dlen 251              #545 [hci0] 24.456088
> ACL Data RX: Handle 64 flags 0x01 dlen 19               #546 [hci0] 24.456190
      ATT: Write Command (0x52) len 516
        Handle: 0x001a
          Data: 0505
> ACL Data RX: Handle 64 flags 0x02 dlen 251              #547 [hci0] 24.648632
> ACL Data RX: Handle 64 flags 0x01 dlen 251              #548 [hci0] 24.651091
> ACL Data RX: Handle 64 flags 0x01 dlen 19               #549 [hci0] 24.651193
      ATT: Write Command (0x52) len 516
        Handle: 0x001a
          Data: 0505
> ACL Data RX: Handle 64 flags 0x02 dlen 251              #550 [hci0] 24.794883
> ACL Data RX: Handle 64 flags 0x01 dlen 251              #551 [hci0] 24.797344
> ACL Data RX: Handle 64 flags 0x01 dlen 19               #552 [hci0] 24.797446
      ATT: Write Command (0x52) len 516
        Handle: 0x001a
          Data: 0505
> ACL Data RX: Handle 64 flags 0x02 dlen 251              #553 [hci0] 24.941132
> ACL Data RX: Handle 64 flags 0x01 dlen 251              #554 [hci0] 24.943592
> ACL Data RX: Handle 64 flags 0x01 dlen 19               #555 [hci0] 24.987010
      ATT: Write Command (0x52) len 516
        Handle: 0x001a
          Data: 0505
> ACL Data RX: Handle 64 flags 0x02 dlen 251              #556 [hci0] 25.038634
> ACL Data RX: Handle 64 flags 0x01 dlen 251              #557 [hci0] 25.087384
> ACL Data RX: Handle 64 flags 0x01 dlen 19               #558 [hci0] 25.087485
      ATT: Write Command (0x52) len 516
        Handle: 0x001a
          Data: 0505
> ACL Data RX: Handle 64 flags 0x02 dlen 251              #559 [hci0] 25.136135
> ACL Data RX: Handle 64 flags 0x01 dlen 251              #560 [hci0] 25.138595
> ACL Data RX: Handle 64 flags 0x01 dlen 19               #561 [hci0] 25.138697
      ATT: Write Command (0x52) len 516
        Handle: 0x001a
          Data: 0505
> ACL Data RX: Handle 64 flags 0x02 dlen 251              #562 [hci0] 25.233750
> ACL Data RX: Handle 64 flags 0x01 dlen 251              #563 [hci0] 25.236162
> ACL Data RX: Handle 64 flags 0x01 dlen 19               #564 [hci0] 25.236262
      ATT: Write Command (0x52) len 516
        Handle: 0x001a
          Data: 0505
> ACL Data RX: Handle 64 flags 0x02 dlen 251              #565 [hci0] 25.282370
> ACL Data RX: Handle 64 flags 0x01 dlen 251              #566 [hci0] 25.284835
> ACL Data RX: Handle 64 flags 0x01 dlen 19               #567 [hci0] 25.284936
      ATT: Write Command (0x52) len 516
        Handle: 0x001a
          Data: 0505
> ACL Data RX: Handle 64 flags 0x02 dlen 251              #568 [hci0] 25.379986
> ACL Data RX: Handle 64 flags 0x01 dlen 251              #569 [hci0] 25.382445
> ACL Data RX: Handle 64 flags 0x01 dlen 19               #570 [hci0] 25.382547
      ATT: Write Command (0x52) len 516
        Handle: 0x001a
          Data: 0505
> ACL Data RX: Handle 64 flags 0x02 dlen 251              #571 [hci0] 25.428639
> ACL Data RX: Handle 64 flags 0x01 dlen 251              #572 [hci0] 25.431100
> ACL Data RX: Handle 64 flags 0x01 dlen 19               #573 [hci0] 25.431202
      ATT: Write Command (0x52) len 516
        Handle: 0x001a
          Data: 0505
> ACL Data RX: Handle 64 flags 0x02 dlen 251              #574 [hci0] 25.526137
> ACL Data RX: Handle 64 flags 0x01 dlen 251              #575 [hci0] 25.528600
> ACL Data RX: Handle 64 flags 0x01 dlen 19               #576 [hci0] 25.528702
      ATT: Write Command (0x52) len 516
        Handle: 0x001a
          Data: 0505
> ACL Data RX: Handle 64 flags 0x02 dlen 251              #577 [hci0] 25.574889
> ACL Data RX: Handle 64 flags 0x01 dlen 251              #578 [hci0] 25.577350
> ACL Data RX: Handle 64 flags 0x01 dlen 19               #579 [hci0] 25.577452
      ATT: Write Command (0x52) len 516
        Handle: 0x001a
          Data: 0505
> ACL Data RX: Handle 64 flags 0x02 dlen 251              #580 [hci0] 25.672389
> ACL Data RX: Handle 64 flags 0x01 dlen 251              #581 [hci0] 25.674853
> ACL Data RX: Handle 64 flags 0x01 dlen 19               #582 [hci0] 25.674955
      ATT: Write Command (0x52) len 516
        Handle: 0x001a
          Data: 0505
> ACL Data RX: Handle 64 flags 0x02 dlen 251              #583 [hci0] 25.769890
> ACL Data RX: Handle 64 flags 0x01 dlen 251              #584 [hci0] 25.772353
> ACL Data RX: Handle 64 flags 0x01 dlen 19               #585 [hci0] 25.772455
      ATT: Write Command (0x52) len 516
        Handle: 0x001a
          Data: 0505
> ACL Data RX: Handle 64 flags 0x02 dlen 251              #586 [hci0] 25.916144
> ACL Data RX: Handle 64 flags 0x01 dlen 251              #587 [hci0] 25.918602
> ACL Data RX: Handle 64 flags 0x01 dlen 19               #588 [hci0] 25.918704
      ATT: Write Command (0x52) len 516
        Handle: 0x001a
          Data: 0505
> ACL Data RX: Handle 64 flags 0x02 dlen 251              #589 [hci0] 26.013644
> ACL Data RX: Handle 64 flags 0x01 dlen 251              #590 [hci0] 26.016106
> ACL Data RX: Handle 64 flags 0x01 dlen 19               #591 [hci0] 26.016208
      ATT: Write Command (0x52) len 516
        Handle: 0x001a
          Data: 0505
> ACL Data RX: Handle 64 flags 0x02 dlen 251              #592 [hci0] 26.111146
> ACL Data RX: Handle 64 flags 0x01 dlen 251              #593 [hci0] 26.113605
> ACL Data RX: Handle 64 flags 0x01 dlen 19               #594 [hci0] 26.113707
      ATT: Write Command (0x52) len 516
        Handle: 0x001a
          Data: 0505
> ACL Data RX: Handle 64 flags 0x02 dlen 251              #595 [hci0] 26.208648
> ACL Data RX: Handle 64 flags 0x01 dlen 251              #596 [hci0] 26.211106
> ACL Data RX: Handle 64 flags 0x01 dlen 19               #597 [hci0] 26.211207
      ATT: Write Command (0x52) len 516
        Handle: 0x001a
          Data: 0505
> ACL Data RX: Handle 64 flags 0x02 dlen 251              #598 [hci0] 26.306148
> ACL Data RX: Handle 64 flags 0x01 dlen 251              #599 [hci0] 26.308610
> ACL Data RX: Handle 64 flags 0x01 dlen 19               #600 [hci0] 26.308712
      ATT: Write Command (0x52) len 516
        Handle: 0x001a
          Data: 0505
> ACL Data RX: Handle 64 flags 0x02 dlen 251              #601 [hci0] 26.403649
> ACL Data RX: Handle 64 flags 0x01 dlen 251              #602 [hci0] 26.406109
> ACL Data RX: Handle 64 flags 0x01 dlen 19               #603 [hci0] 26.406210
      ATT: Write Command (0x52) len 516
        Handle: 0x001a
          Data: 0505
> ACL Data RX: Handle 64 flags 0x02 dlen 251              #604 [hci0] 26.549902
> ACL Data RX: Handle 64 flags 0x01 dlen 251              #605 [hci0] 26.552355
> ACL Data RX: Handle 64 flags 0x01 dlen 19               #606 [hci0] 26.552457
      ATT: Write Command (0x52) len 516
        Handle: 0x001a
          Data: 0505
> ACL Data RX: Handle 64 flags 0x02 dlen 251              #607 [hci0] 26.647403
> ACL Data RX: Handle 64 flags 0x01 dlen 251              #608 [hci0] 26.649859
> ACL Data RX: Handle 64 flags 0x01 dlen 19               #609 [hci0] 26.649961
      ATT: Write Command (0x52) len 516
        Handle: 0x001a
          Data: 0505
> ACL Data RX: Handle 64 flags 0x02 dlen 251              #610 [hci0] 26.696153
> ACL Data RX: Handle 64 flags 0x01 dlen 251              #611 [hci0] 26.698612
> ACL Data RX: Handle 64 flags 0x01 dlen 19               #612 [hci0] 26.698714
      ATT: Write Command (0x52) len 516
        Handle: 0x001a
          Data: 0505
> ACL Data RX: Handle 64 flags 0x02 dlen 251              #613 [hci0] 26.793654
> ACL Data RX: Handle 64 flags 0x01 dlen 251              #614 [hci0] 26.796112
> ACL Data RX: Handle 64 flags 0x01 dlen 19               #615 [hci0] 26.796214
      ATT: Write Command (0x52) len 516
        Handle: 0x001a
          Data: 0505
> ACL Data RX: Handle 64 flags 0x02 dlen 251              #616 [hci0] 26.939905
> ACL Data RX: Handle 64 flags 0x01 dlen 251              #617 [hci0] 26.942365
> ACL Data RX: Handle 64 flags 0x01 dlen 19               #618 [hci0] 26.942467
      ATT: Write Command (0x52) len 516
        Handle: 0x001a
          Data: 0505
> ACL Data RX: Handle 64 flags 0x02 dlen 251              #619 [hci0] 27.037405
> ACL Data RX: Handle 64 flags 0x01 dlen 251              #620 [hci0] 27.039915
> ACL Data RX: Handle 64 flags 0x01 dlen 19               #621 [hci0] 27.040016
      ATT: Write Command (0x52) len 516
        Handle: 0x001a
          Data: 0505
> ACL Data RX: Handle 64 flags 0x02 dlen 251              #622 [hci0] 27.134907
> ACL Data RX: Handle 64 flags 0x01 dlen 251              #623 [hci0] 27.137367
> ACL Data RX: Handle 64 flags 0x01 dlen 19               #624 [hci0] 27.183265
      ATT: Write Command (0x52) len 516
        Handle: 0x001a
          Data: 0505
> ACL Data RX: Handle 64 flags 0x02 dlen 251              #625 [hci0] 27.186763
> ACL Data RX: Handle 64 flags 0x01 dlen 251              #626 [hci0] 27.189265
> ACL Data RX: Handle 64 flags 0x01 dlen 19               #627 [hci0] 27.189367
      ATT: Write Command (0x52) len 516
        Handle: 0x001a
          Data: 0505
> ACL Data RX: Handle 64 flags 0x02 dlen 251              #628 [hci0] 27.329907
> ACL Data RX: Handle 64 flags 0x01 dlen 251              #629 [hci0] 27.332366
> ACL Data RX: Handle 64 flags 0x01 dlen 19               #630 [hci0] 27.332468
      ATT: Write Command (0x52) len 516
        Handle: 0x001a
          Data: 0505
> ACL Data RX: Handle 64 flags 0x02 dlen 251              #631 [hci0] 27.378658
> ACL Data RX: Handle 64 flags 0x01 dlen 251              #632 [hci0] 27.381118
> ACL Data RX: Handle 64 flags 0x01 dlen 19               #633 [hci0] 27.381221
      ATT: Write Command (0x52) len 516
        Handle: 0x001a
          Data: 0505
> ACL Data RX: Handle 64 flags 0x02 dlen 251              #634 [hci0] 27.524909
> ACL Data RX: Handle 64 flags 0x01 dlen 251              #635 [hci0] 27.527372
> ACL Data RX: Handle 64 flags 0x01 dlen 19               #636 [hci0] 27.527474
      ATT: Write Command (0x52) len 516
        Handle: 0x001a
          Data: 0505
> ACL Data RX: Handle 64 flags 0x02 dlen 251              #637 [hci0] 27.622413
> ACL Data RX: Handle 64 flags 0x01 dlen 251              #638 [hci0] 27.624872
> ACL Data RX: Handle 64 flags 0x01 dlen 19               #639 [hci0] 27.624974
      ATT: Write Command (0x52) len 516
        Handle: 0x001a
          Data: 0505
> ACL Data RX: Handle 64 flags 0x02 dlen 251              #640 [hci0] 27.719912
> ACL Data RX: Handle 64 flags 0x01 dlen 251              #641 [hci0] 27.722372
> ACL Data RX: Handle 64 flags 0x01 dlen 19               #642 [hci0] 27.722474
      ATT: Write Command (0x52) len 516
        Handle: 0x001a
          Data: 0505
> ACL Data RX: Handle 64 flags 0x02 dlen 251              #643 [hci0] 27.817408
> ACL Data RX: Handle 64 flags 0x01 dlen 251              #644 [hci0] 27.819875
> ACL Data RX: Handle 64 flags 0x01 dlen 19               #645 [hci0] 27.819977
      ATT: Write Command (0x52) len 516
        Handle: 0x001a
          Data: 0505
> ACL Data RX: Handle 64 flags 0x02 dlen 251              #646 [hci0] 27.963664
> ACL Data RX: Handle 64 flags 0x01 dlen 251              #647 [hci0] 27.966122
> ACL Data RX: Handle 64 flags 0x01 dlen 19               #648 [hci0] 27.966224
      ATT: Write Command (0x52) len 516
        Handle: 0x001a
          Data: 0505
> ACL Data RX: Handle 64 flags 0x02 dlen 251              #649 [hci0] 28.061167
> ACL Data RX: Handle 64 flags 0x01 dlen 251              #650 [hci0] 28.063626
> ACL Data RX: Handle 64 flags 0x01 dlen 19               #651 [hci0] 28.063728
      ATT: Write Command (0x52) len 516
        Handle: 0x001a
          Data: 0505
> ACL Data RX: Handle 64 flags 0x02 dlen 251              #652 [hci0] 28.109917
> ACL Data RX: Handle 64 flags 0x01 dlen 251              #653 [hci0] 28.112376
> ACL Data RX: Handle 64 flags 0x01 dlen 19               #654 [hci0] 28.155793
      ATT: Write Command (0x52) len 516
        Handle: 0x001a
          Data: 0505
> ACL Data RX: Handle 64 flags 0x02 dlen 251              #655 [hci0] 28.207419
> ACL Data RX: Handle 64 flags 0x01 dlen 251              #656 [hci0] 28.209877
> ACL Data RX: Handle 64 flags 0x01 dlen 19               #657 [hci0] 28.209979
      ATT: Write Command (0x52) len 516
        Handle: 0x001a
          Data: 0505
> ACL Data RX: Handle 64 flags 0x02 dlen 251              #658 [hci0] 28.304915
> ACL Data RX: Handle 64 flags 0x01 dlen 251              #659 [hci0] 28.307379
> ACL Data RX: Handle 64 flags 0x01 dlen 19               #660 [hci0] 28.307481
      ATT: Write Command (0x52) len 516
        Handle: 0x001a
          Data: 0505
> ACL Data RX: Handle 64 flags 0x02 dlen 251              #661 [hci0] 28.451169
> ACL Data RX: Handle 64 flags 0x01 dlen 251              #662 [hci0] 28.453628
> ACL Data RX: Handle 64 flags 0x01 dlen 19               #663 [hci0] 28.453730
      ATT: Write Command (0x52) len 516
        Handle: 0x001a
          Data: 0505
> ACL Data RX: Handle 64 flags 0x02 dlen 251              #664 [hci0] 28.548670
> ACL Data RX: Handle 64 flags 0x01 dlen 251              #665 [hci0] 28.551127
> ACL Data RX: Handle 64 flags 0x01 dlen 19               #666 [hci0] 28.551228
      ATT: Write Command (0x52) len 516
        Handle: 0x001a
          Data: 0505
> ACL Data RX: Handle 64 flags 0x02 dlen 251              #667 [hci0] 28.646174
> ACL Data RX: Handle 64 flags 0x01 dlen 251              #668 [hci0] 28.648630
> ACL Data RX: Handle 64 flags 0x01 dlen 19               #669 [hci0] 28.648732
      ATT: Write Command (0x52) len 516
        Handle: 0x001a
          Data: 0505
> ACL Data RX: Handle 64 flags 0x02 dlen 251              #670 [hci0] 28.743675
> ACL Data RX: Handle 64 flags 0x01 dlen 251              #671 [hci0] 28.746133
> ACL Data RX: Handle 64 flags 0x01 dlen 19               #672 [hci0] 28.746236
      ATT: Write Command (0x52) len 516
        Handle: 0x001a
          Data: 0505
> ACL Data RX: Handle 64 flags 0x02 dlen 251              #673 [hci0] 28.841175
> ACL Data RX: Handle 64 flags 0x01 dlen 251              #674 [hci0] 28.843634
> ACL Data RX: Handle 64 flags 0x01 dlen 19               #675 [hci0] 28.843736
      ATT: Write Command (0x52) len 516
        Handle: 0x001a
          Data: 0505
> ACL Data RX: Handle 64 flags 0x02 dlen 251              #676 [hci0] 28.987425
> ACL Data RX: Handle 64 flags 0x01 dlen 251              #677 [hci0] 28.989883
> ACL Data RX: Handle 64 flags 0x01 dlen 19               #678 [hci0] 28.989985
      ATT: Write Command (0x52) len 516
        Handle: 0x001a
          Data: 0505
> ACL Data RX: Handle 64 flags 0x02 dlen 251              #679 [hci0] 29.084927
> ACL Data RX: Handle 64 flags 0x01 dlen 251              #680 [hci0] 29.087381
> ACL Data RX: Handle 64 flags 0x01 dlen 19               #681 [hci0] 29.087484
      ATT: Write Command (0x52) len 516
        Handle: 0x001a
          Data: 0505
> ACL Data RX: Handle 64 flags 0x02 dlen 251              #682 [hci0] 29.133676
> ACL Data RX: Handle 64 flags 0x01 dlen 251              #683 [hci0] 29.136133
> ACL Data RX: Handle 64 flags 0x01 dlen 19               #684 [hci0] 29.136235
      ATT: Write Command (0x52) len 516
        Handle: 0x001a
          Data: 0505
> ACL Data RX: Handle 64 flags 0x02 dlen 251              #685 [hci0] 29.231180
> ACL Data RX: Handle 64 flags 0x01 dlen 251              #686 [hci0] 29.233637
> ACL Data RX: Handle 64 flags 0x01 dlen 19               #687 [hci0] 29.233739
      ATT: Write Command (0x52) len 516
        Handle: 0x001a
          Data: 0505
> ACL Data RX: Handle 64 flags 0x02 dlen 251              #688 [hci0] 29.328674
> ACL Data RX: Handle 64 flags 0x01 dlen 251              #689 [hci0] 29.331138
> ACL Data RX: Handle 64 flags 0x01 dlen 19               #690 [hci0] 29.331240
      ATT: Write Command (0x52) len 516
        Handle: 0x001a
          Data: 0505
> ACL Data RX: Handle 64 flags 0x02 dlen 251              #691 [hci0] 29.426180
> ACL Data RX: Handle 64 flags 0x01 dlen 251              #692 [hci0] 29.428640
> ACL Data RX: Handle 64 flags 0x01 dlen 19               #693 [hci0] 29.428742
      ATT: Write Command (0x52) len 516
        Handle: 0x001a
          Data: 0505
> ACL Data RX: Handle 64 flags 0x02 dlen 251              #694 [hci0] 29.523677
> ACL Data RX: Handle 64 flags 0x01 dlen 251              #695 [hci0] 29.526144
> ACL Data RX: Handle 64 flags 0x01 dlen 19               #696 [hci0] 29.526246
      ATT: Write Command (0x52) len 516
        Handle: 0x001a
          Data: 0505
> ACL Data RX: Handle 64 flags 0x02 dlen 251              #697 [hci0] 29.621178
> ACL Data RX: Handle 64 flags 0x01 dlen 251              #698 [hci0] 29.623643
> ACL Data RX: Handle 64 flags 0x01 dlen 19               #699 [hci0] 29.623745
      ATT: Write Command (0x52) len 516
        Handle: 0x001a
          Data: 0505
> ACL Data RX: Handle 64 flags 0x02 dlen 251              #700 [hci0] 29.767433
> ACL Data RX: Handle 64 flags 0x01 dlen 251              #701 [hci0] 29.769893
> ACL Data RX: Handle 64 flags 0x01 dlen 19               #702 [hci0] 29.769995
      ATT: Write Command (0x52) len 516
        Handle: 0x001a
          Data: 0505
> ACL Data RX: Handle 64 flags 0x02 dlen 251              #703 [hci0] 29.864936
> ACL Data RX: Handle 64 flags 0x01 dlen 251              #704 [hci0] 29.916148
> ACL Data RX: Handle 64 flags 0x01 dlen 19               #705 [hci0] 29.959580
      ATT: Write Command (0x52) len 516
        Handle: 0x001a
          Data: 0505
> ACL Data RX: Handle 64 flags 0x02 dlen 251              #706 [hci0] 30.011177
> ACL Data RX: Handle 64 flags 0x01 dlen 251              #707 [hci0] 30.013645
> ACL Data RX: Handle 64 flags 0x01 dlen 19               #708 [hci0] 30.013747
      ATT: Write Command (0x52) len 516
        Handle: 0x001a
          Data: 0505
> ACL Data RX: Handle 64 flags 0x02 dlen 251              #709 [hci0] 30.108682
> ACL Data RX: Handle 64 flags 0x01 dlen 251              #710 [hci0] 30.111149
> ACL Data RX: Handle 64 flags 0x01 dlen 19               #711 [hci0] 30.111251
      ATT: Write Command (0x52) len 516
        Handle: 0x001a
          Data: 0505
> ACL Data RX: Handle 64 flags 0x02 dlen 251              #712 [hci0] 30.157437
> ACL Data RX: Handle 64 flags 0x01 dlen 251              #713 [hci0] 30.159898
> ACL Data RX: Handle 64 flags 0x01 dlen 19               #714 [hci0] 30.160000
      ATT: Write Command (0x52) len 516
        Handle: 0x001a
          Data: 0505
> ACL Data RX: Handle 64 flags 0x02 dlen 251              #715 [hci0] 30.206187
> ACL Data RX: Handle 64 flags 0x01 dlen 251              #716 [hci0] 30.208647
> ACL Data RX: Handle 64 flags 0x01 dlen 19               #717 [hci0] 30.208748
      ATT: Write Command (0x52) len 516
        Handle: 0x001a
          Data: 0505
> ACL Data RX: Handle 64 flags 0x02 dlen 251              #718 [hci0] 30.352437
> ACL Data RX: Handle 64 flags 0x01 dlen 251              #719 [hci0] 30.354897
> ACL Data RX: Handle 64 flags 0x01 dlen 19               #720 [hci0] 30.354999
      ATT: Write Command (0x52) len 516
        Handle: 0x001a
          Data: 0505
> ACL Data RX: Handle 64 flags 0x02 dlen 251              #721 [hci0] 30.449941
> ACL Data RX: Handle 64 flags 0x01 dlen 251              #722 [hci0] 30.452403
> ACL Data RX: Handle 64 flags 0x01 dlen 19               #723 [hci0] 30.452505
      ATT: Write Command (0x52) len 516
        Handle: 0x001a
          Data: 0505
> ACL Data RX: Handle 64 flags 0x02 dlen 251              #724 [hci0] 30.547441
> ACL Data RX: Handle 64 flags 0x01 dlen 251              #725 [hci0] 30.549896
> ACL Data RX: Handle 64 flags 0x01 dlen 19               #726 [hci0] 30.549997
      ATT: Write Command (0x52) len 516
        Handle: 0x001a
          Data: 0505
> ACL Data RX: Handle 64 flags 0x02 dlen 251              #727 [hci0] 30.644942
> ACL Data RX: Handle 64 flags 0x01 dlen 251              #728 [hci0] 30.647402
> ACL Data RX: Handle 64 flags 0x01 dlen 19               #729 [hci0] 30.647503
      ATT: Write Command (0x52) len 516
        Handle: 0x001a
          Data: 0505
> ACL Data RX: Handle 64 flags 0x02 dlen 251              #730 [hci0] 30.742445
> ACL Data RX: Handle 64 flags 0x01 dlen 251              #731 [hci0] 30.744898
> ACL Data RX: Handle 64 flags 0x01 dlen 19               #732 [hci0] 30.745000
      ATT: Write Command (0x52) len 516
        Handle: 0x001a
          Data: 0505
> ACL Data RX: Handle 64 flags 0x02 dlen 251              #733 [hci0] 30.839946
> ACL Data RX: Handle 64 flags 0x01 dlen 251              #734 [hci0] 30.842404
> ACL Data RX: Handle 64 flags 0x01 dlen 19               #735 [hci0] 30.842506
      ATT: Write Command (0x52) len 516
        Handle: 0x001a
          Data: 0505
> ACL Data RX: Handle 64 flags 0x02 dlen 251              #736 [hci0] 30.937445
> ACL Data RX: Handle 64 flags 0x01 dlen 251              #737 [hci0] 30.939896
> ACL Data RX: Handle 64 flags 0x01 dlen 19               #738 [hci0] 30.939999
      ATT: Write Command (0x52) len 516
        Handle: 0x001a
          Data: 0505
> ACL Data RX: Handle 64 flags 0x02 dlen 251              #739 [hci0] 31.034948
> ACL Data RX: Handle 64 flags 0x01 dlen 251              #740 [hci0] 31.037408
> ACL Data RX: Handle 64 flags 0x01 dlen 19               #741 [hci0] 31.037509
      ATT: Write Command (0x52) len 516
        Handle: 0x001a
          Data: 0505
> ACL Data RX: Handle 64 flags 0x02 dlen 251              #742 [hci0] 31.181200
> ACL Data RX: Handle 64 flags 0x01 dlen 251              #743 [hci0] 31.183659
> ACL Data RX: Handle 64 flags 0x01 dlen 19               #744 [hci0] 31.183761
      ATT: Write Command (0x52) len 516
        Handle: 0x001a
          Data: 0505
> ACL Data RX: Handle 64 flags 0x02 dlen 251              #745 [hci0] 31.279121
> ACL Data RX: Handle 64 flags 0x01 dlen 251              #746 [hci0] 31.281619
> ACL Data RX: Handle 64 flags 0x01 dlen 19               #747 [hci0] 31.281721
      ATT: Write Command (0x52) len 516
        Handle: 0x001a
          Data: 0505
> ACL Data RX: Handle 64 flags 0x02 dlen 251              #748 [hci0] 31.376196
> ACL Data RX: Handle 64 flags 0x01 dlen 251              #749 [hci0] 31.378656
> ACL Data RX: Handle 64 flags 0x01 dlen 19               #750 [hci0] 31.378759
      ATT: Write Command (0x52) len 516
        Handle: 0x001a
          Data: 0505
> ACL Data RX: Handle 64 flags 0x02 dlen 251              #751 [hci0] 31.473702
> ACL Data RX: Handle 64 flags 0x01 dlen 251              #752 [hci0] 31.476220
> ACL Data RX: Handle 64 flags 0x01 dlen 19               #753 [hci0] 31.519579
      ATT: Write Command (0x52) len 516
        Handle: 0x001a
          Data: 0505
> ACL Data RX: Handle 64 flags 0x02 dlen 251              #754 [hci0] 31.571203
> ACL Data RX: Handle 64 flags 0x01 dlen 251              #755 [hci0] 31.573663
> ACL Data RX: Handle 64 flags 0x01 dlen 19               #756 [hci0] 31.573765
      ATT: Write Command (0x52) len 516
        Handle: 0x001a
          Data: 0505
> ACL Data RX: Handle 64 flags 0x02 dlen 251              #757 [hci0] 31.668704
> ACL Data RX: Handle 64 flags 0x01 dlen 251              #758 [hci0] 31.671164
> ACL Data RX: Handle 64 flags 0x01 dlen 19               #759 [hci0] 31.671267
      ATT: Write Command (0x52) len 516
        Handle: 0x001a
          Data: 0505
> ACL Data RX: Handle 64 flags 0x02 dlen 251              #760 [hci0] 31.766204
> ACL Data RX: Handle 64 flags 0x01 dlen 251              #761 [hci0] 31.768667
> ACL Data RX: Handle 64 flags 0x01 dlen 19               #762 [hci0] 31.768768
      ATT: Write Command (0x52) len 516
        Handle: 0x001a
          Data: 0505
> ACL Data RX: Handle 64 flags 0x02 dlen 251              #763 [hci0] 31.912451
> ACL Data RX: Handle 64 flags 0x01 dlen 251              #764 [hci0] 31.914917
> ACL Data RX: Handle 64 flags 0x01 dlen 19               #765 [hci0] 31.915019
      ATT: Write Command (0x52) len 516
        Handle: 0x001a
          Data: 0505
> ACL Data RX: Handle 64 flags 0x02 dlen 251              #766 [hci0] 32.107457
> ACL Data RX: Handle 64 flags 0x01 dlen 251              #767 [hci0] 32.109918
> ACL Data RX: Handle 64 flags 0x01 dlen 19               #768 [hci0] 32.110020
      ATT: Write Command (0x52) len 516
        Handle: 0x001a
          Data: 0505
> ACL Data RX: Handle 64 flags 0x02 dlen 251              #769 [hci0] 32.253703
> ACL Data RX: Handle 64 flags 0x01 dlen 251              #770 [hci0] 32.256171
> ACL Data RX: Handle 64 flags 0x01 dlen 19               #771 [hci0] 32.256273
      ATT: Write Command (0x52) len 516
        Handle: 0x001a
          Data: 0505
> ACL Data RX: Handle 64 flags 0x02 dlen 251              #772 [hci0] 32.302456
> ACL Data RX: Handle 64 flags 0x01 dlen 251              #773 [hci0] 32.304921
> ACL Data RX: Handle 64 flags 0x01 dlen 19               #774 [hci0] 32.305023
      ATT: Write Command (0x52) len 516
        Handle: 0x001a
          Data: 0505
> ACL Data RX: Handle 64 flags 0x02 dlen 251              #775 [hci0] 32.351211
> ACL Data RX: Handle 64 flags 0x01 dlen 251              #776 [hci0] 32.353669
> ACL Data RX: Handle 64 flags 0x01 dlen 19               #777 [hci0] 32.353771
      ATT: Write Command (0x52) len 516
        Handle: 0x001a
          Data: 0505
> ACL Data RX: Handle 64 flags 0x02 dlen 251              #778 [hci0] 32.448711
> ACL Data RX: Handle 64 flags 0x01 dlen 251              #779 [hci0] 32.451172
> ACL Data RX: Handle 64 flags 0x01 dlen 19               #780 [hci0] 32.451274
      ATT: Write Command (0x52) len 516
        Handle: 0x001a
          Data: 0505
> ACL Data RX: Handle 64 flags 0x02 dlen 251              #781 [hci0] 32.497462
> ACL Data RX: Handle 64 flags 0x01 dlen 251              #782 [hci0] 32.499924
> ACL Data RX: Handle 64 flags 0x01 dlen 19               #783 [hci0] 32.500026
      ATT: Write Command (0x52) len 516
        Handle: 0x001a
          Data: 0505
> ACL Data RX: Handle 64 flags 0x02 dlen 251              #784 [hci0] 32.594964
> ACL Data RX: Handle 64 flags 0x01 dlen 251              #785 [hci0] 32.597424
> ACL Data RX: Handle 64 flags 0x01 dlen 19               #786 [hci0] 32.597526
      ATT: Write Command (0x52) len 516
        Handle: 0x001a
          Data: 0505
> ACL Data RX: Handle 64 flags 0x02 dlen 251              #787 [hci0] 32.692464
> ACL Data RX: Handle 64 flags 0x01 dlen 251              #788 [hci0] 32.694924
> ACL Data RX: Handle 64 flags 0x01 dlen 19               #789 [hci0] 32.695026
      ATT: Write Command (0x52) len 516
        Handle: 0x001a
          Data: 0505
> ACL Data RX: Handle 64 flags 0x02 dlen 251              #790 [hci0] 32.789964
> ACL Data RX: Handle 64 flags 0x01 dlen 251              #791 [hci0] 32.792421
> ACL Data RX: Handle 64 flags 0x01 dlen 19               #792 [hci0] 32.792523
      ATT: Write Command (0x52) len 516
        Handle: 0x001a
          Data: 0505
> ACL Data RX: Handle 64 flags 0x02 dlen 251              #793 [hci0] 32.887467
> ACL Data RX: Handle 64 flags 0x01 dlen 251              #794 [hci0] 32.889923
> ACL Data RX: Handle 64 flags 0x01 dlen 19               #795 [hci0] 32.890024
      ATT: Write Command (0x52) len 516
        Handle: 0x001a
          Data: 0505
> ACL Data RX: Handle 64 flags 0x02 dlen 251              #796 [hci0] 32.984967
> ACL Data RX: Handle 64 flags 0x01 dlen 251              #797 [hci0] 32.987473
> ACL Data RX: Handle 64 flags 0x01 dlen 19               #798 [hci0] 32.987574
      ATT: Write Command (0x52) len 516
        Handle: 0x001a
          Data: 0505
> ACL Data RX: Handle 64 flags 0x02 dlen 251              #799 [hci0] 33.179971
> ACL Data RX: Handle 64 flags 0x01 dlen 251              #800 [hci0] 33.182425
> ACL Data RX: Handle 64 flags 0x01 dlen 19               #801 [hci0] 33.182527
      ATT: Write Command (0x52) len 516
        Handle: 0x001a
          Data: 0505
> ACL Data RX: Handle 64 flags 0x02 dlen 251              #802 [hci0] 33.185576
> ACL Data RX: Handle 64 flags 0x01 dlen 251              #803 [hci0] 33.188107
> ACL Data RX: Handle 64 flags 0x01 dlen 19               #804 [hci0] 33.188209
      ATT: Write Command (0x52) len 516
        Handle: 0x001a
          Data: 0505
> ACL Data RX: Handle 64 flags 0x02 dlen 251              #805 [hci0] 33.326221
> ACL Data RX: Handle 64 flags 0x01 dlen 251              #806 [hci0] 33.328675
> ACL Data RX: Handle 64 flags 0x01 dlen 19               #807 [hci0] 33.328777
      ATT: Write Command (0x52) len 516
        Handle: 0x001a
          Data: 0505
> ACL Data RX: Handle 64 flags 0x02 dlen 251              #808 [hci0] 33.423723
> ACL Data RX: Handle 64 flags 0x01 dlen 251              #809 [hci0] 33.426182
> ACL Data RX: Handle 64 flags 0x01 dlen 19               #810 [hci0] 33.426284
      ATT: Write Command (0x52) len 516
        Handle: 0x001a
          Data: 0505
> ACL Data RX: Handle 64 flags 0x02 dlen 251              #811 [hci0] 33.472473
> ACL Data RX: Handle 64 flags 0x01 dlen 251              #812 [hci0] 33.474932
> ACL Data RX: Handle 64 flags 0x01 dlen 19               #813 [hci0] 33.475034
      ATT: Write Command (0x52) len 516
        Handle: 0x001a
          Data: 0505
> ACL Data RX: Handle 64 flags 0x02 dlen 251              #814 [hci0] 33.618725
> ACL Data RX: Handle 64 flags 0x01 dlen 251              #815 [hci0] 33.621183
> ACL Data RX: Handle 64 flags 0x01 dlen 19               #816 [hci0] 33.621285
      ATT: Write Command (0x52) len 516
        Handle: 0x001a
          Data: 0505
> ACL Data RX: Handle 64 flags 0x02 dlen 251              #817 [hci0] 33.716224
> ACL Data RX: Handle 64 flags 0x01 dlen 251              #818 [hci0] 33.718686
> ACL Data RX: Handle 64 flags 0x01 dlen 19               #819 [hci0] 33.718789
      ATT: Write Command (0x52) len 516
        Handle: 0x001a
          Data: 0505
> ACL Data RX: Handle 64 flags 0x02 dlen 251              #820 [hci0] 33.813722
> ACL Data RX: Handle 64 flags 0x01 dlen 251              #821 [hci0] 33.816186
> ACL Data RX: Handle 64 flags 0x01 dlen 19               #822 [hci0] 33.816288
      ATT: Write Command (0x52) len 516
        Handle: 0x001a
          Data: 0505
> ACL Data RX: Handle 64 flags 0x02 dlen 251              #823 [hci0] 33.911226
> ACL Data RX: Handle 64 flags 0x01 dlen 251              #824 [hci0] 33.913686
> ACL Data RX: Handle 64 flags 0x01 dlen 19               #825 [hci0] 33.913788
      ATT: Write Command (0x52) len 516
        Handle: 0x001a
          Data: 0505
> ACL Data RX: Handle 64 flags 0x02 dlen 251              #826 [hci0] 34.008719
> ACL Data RX: Handle 64 flags 0x01 dlen 251              #827 [hci0] 34.011187
> ACL Data RX: Handle 64 flags 0x01 dlen 19               #828 [hci0] 34.011289
      ATT: Write Command (0x52) len 516
        Handle: 0x001a
          Data: 0505
> ACL Data RX: Handle 64 flags 0x02 dlen 251              #829 [hci0] 34.106226
> ACL Data RX: Handle 64 flags 0x01 dlen 251              #830 [hci0] 34.108689
> ACL Data RX: Handle 64 flags 0x01 dlen 19               #831 [hci0] 34.108791
      ATT: Write Command (0x52) len 516
        Handle: 0x001a
          Data: 0505
> ACL Data RX: Handle 64 flags 0x02 dlen 251              #832 [hci0] 34.203731
> ACL Data RX: Handle 64 flags 0x01 dlen 251              #833 [hci0] 34.206191
> ACL Data RX: Handle 64 flags 0x01 dlen 19               #834 [hci0] 34.206292
      ATT: Write Command (0x52) len 516
        Handle: 0x001a
          Data: 0505
> ACL Data RX: Handle 64 flags 0x02 dlen 251              #835 [hci0] 34.301257
> ACL Data RX: Handle 64 flags 0x01 dlen 251              #836 [hci0] 34.303692
> ACL Data RX: Handle 64 flags 0x01 dlen 19               #837 [hci0] 34.303794
      ATT: Write Command (0x52) len 516
        Handle: 0x001a
          Data: 0505
> ACL Data RX: Handle 64 flags 0x02 dlen 251              #838 [hci0] 34.398728
> ACL Data RX: Handle 64 flags 0x01 dlen 251              #839 [hci0] 34.401192
> ACL Data RX: Handle 64 flags 0x01 dlen 19               #840 [hci0] 34.401294
      ATT: Write Command (0x52) len 516
        Handle: 0x001a
          Data: 0505
> ACL Data RX: Handle 64 flags 0x02 dlen 251              #841 [hci0] 34.496261
> ACL Data RX: Handle 64 flags 0x01 dlen 251              #842 [hci0] 34.498691
> ACL Data RX: Handle 64 flags 0x01 dlen 19               #843 [hci0] 34.542109
      ATT: Write Command (0x52) len 516
        Handle: 0x001a
          Data: 0505
> ACL Data RX: Handle 64 flags 0x02 dlen 251              #844 [hci0] 34.642482
> ACL Data RX: Handle 64 flags 0x01 dlen 251              #845 [hci0] 34.644944
> ACL Data RX: Handle 64 flags 0x01 dlen 19               #846 [hci0] 34.645046
      ATT: Write Command (0x52) len 516
        Handle: 0x001a
          Data: 0505
> ACL Data RX: Handle 64 flags 0x02 dlen 251              #847 [hci0] 34.691215
> ACL Data RX: Handle 64 flags 0x01 dlen 251              #848 [hci0] 34.739981
> ACL Data RX: Handle 64 flags 0x01 dlen 19               #849 [hci0] 34.740083
      ATT: Write Command (0x52) len 516
        Handle: 0x001a
          Data: 0505
> ACL Data RX: Handle 64 flags 0x02 dlen 251              #850 [hci0] 34.788735
> ACL Data RX: Handle 64 flags 0x01 dlen 251              #851 [hci0] 34.791191
> ACL Data RX: Handle 64 flags 0x01 dlen 19               #852 [hci0] 34.791293
      ATT: Write Command (0x52) len 516
        Handle: 0x001a
          Data: 0505
> ACL Data RX: Handle 64 flags 0x02 dlen 251              #853 [hci0] 34.886236
> ACL Data RX: Handle 64 flags 0x01 dlen 251              #854 [hci0] 34.888697
> ACL Data RX: Handle 64 flags 0x01 dlen 19               #855 [hci0] 34.888799
      ATT: Write Command (0x52) len 516
        Handle: 0x001a
          Data: 0505
> ACL Data RX: Handle 64 flags 0x02 dlen 251              #856 [hci0] 35.032489
> ACL Data RX: Handle 64 flags 0x01 dlen 251              #857 [hci0] 35.034948
> ACL Data RX: Handle 64 flags 0x01 dlen 19               #858 [hci0] 35.035050
      ATT: Write Command (0x52) len 516
        Handle: 0x001a
          Data: 0505
> ACL Data RX: Handle 64 flags 0x02 dlen 251              #859 [hci0] 35.129990
> ACL Data RX: Handle 64 flags 0x01 dlen 251              #860 [hci0] 35.132450
> ACL Data RX: Handle 64 flags 0x01 dlen 19               #861 [hci0] 35.132552
      ATT: Write Command (0x52) len 516
        Handle: 0x001a
          Data: 0505
> ACL Data RX: Handle 64 flags 0x02 dlen 251              #862 [hci0] 35.227492
> ACL Data RX: Handle 64 flags 0x01 dlen 251              #863 [hci0] 35.229950
> ACL Data RX: Handle 64 flags 0x01 dlen 19               #864 [hci0] 35.230052
      ATT: Write Command (0x52) len 516
        Handle: 0x001a
          Data: 0505
> ACL Data RX: Handle 64 flags 0x02 dlen 251              #865 [hci0] 35.373742
> ACL Data RX: Handle 64 flags 0x01 dlen 251              #866 [hci0] 35.376194
> ACL Data RX: Handle 64 flags 0x01 dlen 19               #867 [hci0] 35.376296
      ATT: Write Command (0x52) len 516
        Handle: 0x001a
          Data: 0505
> ACL Data RX: Handle 64 flags 0x02 dlen 251              #868 [hci0] 35.422492
> ACL Data RX: Handle 64 flags 0x01 dlen 251              #869 [hci0] 35.424948
> ACL Data RX: Handle 64 flags 0x01 dlen 19               #870 [hci0] 35.425050
      ATT: Write Command (0x52) len 516
        Handle: 0x001a
          Data: 0505
> ACL Data RX: Handle 64 flags 0x02 dlen 251              #871 [hci0] 35.519993
> ACL Data RX: Handle 64 flags 0x01 dlen 251              #872 [hci0] 35.522452
> ACL Data RX: Handle 64 flags 0x01 dlen 19               #873 [hci0] 35.522554
      ATT: Write Command (0x52) len 516
        Handle: 0x001a
          Data: 0505
> ACL Data RX: Handle 64 flags 0x02 dlen 251              #874 [hci0] 35.617494
> ACL Data RX: Handle 64 flags 0x01 dlen 251              #875 [hci0] 35.619952
> ACL Data RX: Handle 64 flags 0x01 dlen 19               #876 [hci0] 35.620054
      ATT: Write Command (0x52) len 516
        Handle: 0x001a
          Data: 0505
> ACL Data RX: Handle 64 flags 0x02 dlen 251              #877 [hci0] 35.714995
> ACL Data RX: Handle 64 flags 0x01 dlen 251              #878 [hci0] 35.717455
> ACL Data RX: Handle 64 flags 0x01 dlen 19               #879 [hci0] 35.717557
      ATT: Write Command (0x52) len 516
        Handle: 0x001a
          Data: 0505
> ACL Data RX: Handle 64 flags 0x02 dlen 251              #880 [hci0] 35.812497
> ACL Data RX: Handle 64 flags 0x01 dlen 251              #881 [hci0] 35.814956
> ACL Data RX: Handle 64 flags 0x01 dlen 19               #882 [hci0] 35.815058
      ATT: Write Command (0x52) len 516
        Handle: 0x001a
          Data: 0505
