Bluetooth monitor ver 5.72
btmon[4308]: = Note: Linux version 6.6.51+rpt-rpi-2712 (aarch64)       0.256436
btmon[4308]: = Note: Bluetooth subsystem version 2.22                  0.256439
= New Index: 2C:CF:67:83:EA:E4 (Primary,UART,hci0)              [hci0] 0.256441
= Open Index: 2C:CF:67:83:EA:E4                                 [hci0] 0.256441
= Index Info: 2C:CF:67:83:EA:E4 (Cypress Semiconductor)         [hci0] 0.256442
bluetoothd[707]: @ MGMT Open: bl.. (privileged) version 1.22  {0x0001} 0.256443
> ACL Data RX: Handle 64 flags 0x02 dlen 251                 #1 [hci0] 4.739123
> ACL Data RX: Handle 64 flags 0x01 dlen 251                 #2 [hci0] 4.741577
> ACL Data RX: Handle 64 flags 0x01 dlen 19                  #3 [hci0] 4.741679
      ATT: Write Command (0x52) len 516
        Handle: 0x001a
          Data: 0505
> ACL Data RX: Handle 64 flags 0x02 dlen 251                 #4 [hci0] 5.762882
> ACL Data RX: Handle 64 flags 0x01 dlen 251                 #5 [hci0] 5.765339
> ACL Data RX: Handle 64 flags 0x01 dlen 19                  #6 [hci0] 5.765441
      ATT: Write Command (0x52) len 516
        Handle: 0x001a
          Data: 0505
> ACL Data RX: Handle 64 flags 0x02 dlen 251                 #7 [hci0] 6.737894
> ACL Data RX: Handle 64 flags 0x01 dlen 251                 #8 [hci0] 6.740350
> ACL Data RX: Handle 64 flags 0x01 dlen 19                  #9 [hci0] 6.740452
      ATT: Write Command (0x52) len 516
        Handle: 0x001a
          Data: 0505
> ACL Data RX: Handle 64 flags 0x02 dlen 251                #10 [hci0] 7.761651
> ACL Data RX: Handle 64 flags 0x01 dlen 251                #11 [hci0] 7.764109
> ACL Data RX: Handle 64 flags 0x01 dlen 19                 #12 [hci0] 7.764211
      ATT: Write Command (0x52) len 516
        Handle: 0x001a
          Data: 0505
> ACL Data RX: Handle 64 flags 0x02 dlen 251                #13 [hci0] 8.834163
> ACL Data RX: Handle 64 flags 0x01 dlen 251                #14 [hci0] 8.836621
> ACL Data RX: Handle 64 flags 0x01 dlen 19                 #15 [hci0] 8.836723
      ATT: Write Command (0x52) len 516
        Handle: 0x001a
          Data: 0505
> ACL Data RX: Handle 64 flags 0x02 dlen 251                #16 [hci0] 9.760420
> ACL Data RX: Handle 64 flags 0x01 dlen 251                #17 [hci0] 9.762881
> ACL Data RX: Handle 64 flags 0x01 dlen 19                 #18 [hci0] 9.762983
      ATT: Write Command (0x52) len 516
        Handle: 0x001a
          Data: 0505
> ACL Data RX: Handle 64 flags 0x02 dlen 251               #19 [hci0] 10.784181
> ACL Data RX: Handle 64 flags 0x01 dlen 251               #20 [hci0] 10.786640
> ACL Data RX: Handle 64 flags 0x01 dlen 19                #21 [hci0] 10.786742
      ATT: Write Command (0x52) len 516
        Handle: 0x001a
          Data: 0505
> ACL Data RX: Handle 64 flags 0x02 dlen 251               #22 [hci0] 11.759190
> ACL Data RX: Handle 64 flags 0x01 dlen 251               #23 [hci0] 11.807941
> ACL Data RX: Handle 64 flags 0x01 dlen 19                #24 [hci0] 11.808043
      ATT: Write Command (0x52) len 516
        Handle: 0x001a
          Data: 0505
> ACL Data RX: Handle 64 flags 0x02 dlen 251               #25 [hci0] 12.782949
> ACL Data RX: Handle 64 flags 0x01 dlen 251               #26 [hci0] 12.785409
> ACL Data RX: Handle 64 flags 0x01 dlen 19                #27 [hci0] 12.785511
      ATT: Write Command (0x52) len 516
        Handle: 0x001a
          Data: 0505
> ACL Data RX: Handle 64 flags 0x02 dlen 251               #28 [hci0] 13.757961
> ACL Data RX: Handle 64 flags 0x01 dlen 251               #29 [hci0] 13.760420
> ACL Data RX: Handle 64 flags 0x01 dlen 19                #30 [hci0] 13.760522
      ATT: Write Command (0x52) len 516
        Handle: 0x001a
          Data: 0505
> ACL Data RX: Handle 64 flags 0x02 dlen 251               #31 [hci0] 14.781723
> ACL Data RX: Handle 64 flags 0x01 dlen 251               #32 [hci0] 14.784180
> ACL Data RX: Handle 64 flags 0x01 dlen 19                #33 [hci0] 14.784282
      ATT: Write Command (0x52) len 516
        Handle: 0x001a
          Data: 0505
> ACL Data RX: Handle 64 flags 0x02 dlen 251               #34 [hci0] 15.805478
> ACL Data RX: Handle 64 flags 0x01 dlen 251               #35 [hci0] 15.807941
> ACL Data RX: Handle 64 flags 0x01 dlen 19                #36 [hci0] 15.808043
      ATT: Write Command (0x52) len 516
        Handle: 0x001a
          Data: 0505
> ACL Data RX: Handle 64 flags 0x02 dlen 251               #37 [hci0] 16.780549
> ACL Data RX: Handle 64 flags 0x01 dlen 251               #38 [hci0] 16.782950
> ACL Data RX: Handle 64 flags 0x01 dlen 19                #39 [hci0] 16.783052
      ATT: Write Command (0x52) len 516
        Handle: 0x001a
          Data: 0505
> ACL Data RX: Handle 64 flags 0x02 dlen 251               #40 [hci0] 17.804249
> ACL Data RX: Handle 64 flags 0x01 dlen 251               #41 [hci0] 17.806709
> ACL Data RX: Handle 64 flags 0x01 dlen 19                #42 [hci0] 17.806811
      ATT: Write Command (0x52) len 516
        Handle: 0x001a
          Data: 0505
> ACL Data RX: Handle 64 flags 0x02 dlen 251               #43 [hci0] 18.779259
> ACL Data RX: Handle 64 flags 0x01 dlen 251               #44 [hci0] 18.781720
> ACL Data RX: Handle 64 flags 0x01 dlen 19                #45 [hci0] 18.781821
      ATT: Write Command (0x52) len 516
        Handle: 0x001a
          Data: 0505
> ACL Data RX: Handle 64 flags 0x02 dlen 251               #46 [hci0] 19.803020
> ACL Data RX: Handle 64 flags 0x01 dlen 251               #47 [hci0] 19.805479
> ACL Data RX: Handle 64 flags 0x01 dlen 19                #48 [hci0] 19.805581
      ATT: Write Command (0x52) len 516
        Handle: 0x001a
          Data: 0505
> ACL Data RX: Handle 64 flags 0x02 dlen 251               #49 [hci0] 20.778030
> ACL Data RX: Handle 64 flags 0x01 dlen 251               #50 [hci0] 20.780489
> ACL Data RX: Handle 64 flags 0x01 dlen 19                #51 [hci0] 20.780590
      ATT: Write Command (0x52) len 516
        Handle: 0x001a
          Data: 0505
> ACL Data RX: Handle 64 flags 0x02 dlen 251               #52 [hci0] 21.801964
> ACL Data RX: Handle 64 flags 0x01 dlen 251               #53 [hci0] 21.804249
> ACL Data RX: Handle 64 flags 0x01 dlen 19                #54 [hci0] 21.804350
      ATT: Write Command (0x52) len 516
        Handle: 0x001a
          Data: 0505
> ACL Data RX: Handle 64 flags 0x02 dlen 251               #55 [hci0] 22.825552
> ACL Data RX: Handle 64 flags 0x01 dlen 251               #56 [hci0] 22.828106
> ACL Data RX: Handle 64 flags 0x01 dlen 19                #57 [hci0] 22.828208
      ATT: Write Command (0x52) len 516
        Handle: 0x001a
          Data: 0505
> ACL Data RX: Handle 64 flags 0x02 dlen 251               #58 [hci0] 23.800561
> ACL Data RX: Handle 64 flags 0x01 dlen 251               #59 [hci0] 23.803018
> ACL Data RX: Handle 64 flags 0x01 dlen 19                #60 [hci0] 23.803120
      ATT: Write Command (0x52) len 516
        Handle: 0x001a
          Data: 0505
> ACL Data RX: Handle 64 flags 0x02 dlen 251               #61 [hci0] 24.775571
> ACL Data RX: Handle 64 flags 0x01 dlen 251               #62 [hci0] 24.778029
> ACL Data RX: Handle 64 flags 0x01 dlen 19                #63 [hci0] 24.821446
      ATT: Write Command (0x52) len 516
        Handle: 0x001a
          Data: 0505
> ACL Data RX: Handle 64 flags 0x02 dlen 251               #64 [hci0] 25.799330
> ACL Data RX: Handle 64 flags 0x01 dlen 251               #65 [hci0] 25.801791
> ACL Data RX: Handle 64 flags 0x01 dlen 19                #66 [hci0] 25.845206
      ATT: Write Command (0x52) len 516
        Handle: 0x001a
          Data: 0505
> ACL Data RX: Handle 64 flags 0x02 dlen 251               #67 [hci0] 26.774344
> ACL Data RX: Handle 64 flags 0x01 dlen 251               #68 [hci0] 26.823085
> ACL Data RX: Handle 64 flags 0x01 dlen 19                #69 [hci0] 26.823186
      ATT: Write Command (0x52) len 516
        Handle: 0x001a
          Data: 0505
> ACL Data RX: Handle 64 flags 0x02 dlen 251               #70 [hci0] 27.798103
> ACL Data RX: Handle 64 flags 0x01 dlen 251               #71 [hci0] 27.800559
> ACL Data RX: Handle 64 flags 0x01 dlen 19                #72 [hci0] 27.800661
      ATT: Write Command (0x52) len 516
        Handle: 0x001a
          Data: 0505
> ACL Data RX: Handle 64 flags 0x02 dlen 251               #73 [hci0] 28.773116
> ACL Data RX: Handle 64 flags 0x01 dlen 251               #74 [hci0] 28.775616
> ACL Data RX: Handle 64 flags 0x01 dlen 19                #75 [hci0] 28.775718
      ATT: Write Command (0x52) len 516
        Handle: 0x001a
          Data: 0505
> ACL Data RX: Handle 64 flags 0x02 dlen 251               #76 [hci0] 29.796875
> ACL Data RX: Handle 64 flags 0x01 dlen 251               #77 [hci0] 29.799331
> ACL Data RX: Handle 64 flags 0x01 dlen 19                #78 [hci0] 29.799433
      ATT: Write Command (0x52) len 516
        Handle: 0x001a
          Data: 0505
> ACL Data RX: Handle 64 flags 0x02 dlen 251               #79 [hci0] 30.771857
> ACL Data RX: Handle 64 flags 0x01 dlen 251               #80 [hci0] 30.820619
> ACL Data RX: Handle 64 flags 0x01 dlen 19                #81 [hci0] 30.820721
      ATT: Write Command (0x52) len 516
        Handle: 0x001a
          Data: 0505
> ACL Data RX: Handle 64 flags 0x02 dlen 251               #82 [hci0] 31.795674
> ACL Data RX: Handle 64 flags 0x01 dlen 251               #83 [hci0] 31.798097
> ACL Data RX: Handle 64 flags 0x01 dlen 19                #84 [hci0] 31.798199
      ATT: Write Command (0x52) len 516
        Handle: 0x001a
          Data: 0505
> ACL Data RX: Handle 64 flags 0x02 dlen 251               #85 [hci0] 32.819400
> ACL Data RX: Handle 64 flags 0x01 dlen 251               #86 [hci0] 32.821856
> ACL Data RX: Handle 64 flags 0x01 dlen 19                #87 [hci0] 32.821958
      ATT: Write Command (0x52) len 516
        Handle: 0x001a
          Data: 0505
> ACL Data RX: Handle 64 flags 0x02 dlen 251               #88 [hci0] 33.794409
> ACL Data RX: Handle 64 flags 0x01 dlen 251               #89 [hci0] 33.796873
> ACL Data RX: Handle 64 flags 0x01 dlen 19                #90 [hci0] 33.796975
      ATT: Write Command (0x52) len 516
        Handle: 0x001a
          Data: 0505
