# Logfile created on 2025-01-23 17:25:34 +0900 by logger.rb/v1.6.0
I, [2025-01-23T17:25:35.420852 #6927]  INFO -- : [34mRouter is running...[0m
D, [2025-01-23T17:25:35.421217 #6927] DEBUG -- : 
#<struct Struct::Device if_name="eth0", socket=#<Socket:fd 6>, hwaddr=[216, 58, 221, 246, 103, 41], addr=[192, 168, 11, 2], subnet=[192, 168, 11, 0], netmask=[255, 255, 255, 0]>
#<struct Struct::Device if_name="wlan0", socket=#<Socket:fd 7>, hwaddr=[216, 58, 221, 246, 103, 42], addr=nil, subnet=nil, netmask=nil>
W, [2025-01-23T17:25:35.421469 #6927]  WARN -- : [33mError reading socket: Network is down[0m
D, [2025-01-23T17:25:35.421578 #6927] DEBUG -- : ["/root/.rbenv/versions/3.3.6/lib/ruby/3.3.0/socket.rb:457:in `__read_nonblock'", "/root/.rbenv/versions/3.3.6/lib/ruby/3.3.0/socket.rb:457:in `read_nonblock'", "/home/namekawa2/dev/Ruby-BLE-Router/lib/ruby-router/kit/router/router.rb:57:in `block in router'", "/home/namekawa2/dev/Ruby-BLE-Router/lib/ruby-router/kit/router/router.rb:55:in `each'", "/home/namekawa2/dev/Ruby-BLE-Router/lib/ruby-router/kit/router/router.rb:55:in `router'", "/home/namekawa2/dev/Ruby-BLE-Router/lib/ruby-router/kit/router/router.rb:36:in `run'", "router_example.rb:13:in `<main>'"]
I, [2025-01-23T17:25:40.055639 #6927]  INFO -- : [34mBLE DATA: #<struct Protocol::BLE_DATA src_mac=[44, 207, 103, 118, 90, 22], dst_mac=[44, 207, 103, 129, 102, 227], length=[0, 19], data=[0, 0, 0, 0, 0]>[0m
D, [2025-01-23T17:25:40.060515 #6927] DEBUG -- : eth0 [192, 168, 11, 2] [0, 0, 0, 0, 0, 0] ng
D, [2025-01-23T17:25:40.061249 #6927] DEBUG -- : eth0: Send Arp Request
D, [2025-01-23T17:25:40.062996 #6927] DEBUG -- : Append Send Data: [192, 168, 11, 2]
I, [2025-01-23T17:25:40.099730 #6927]  INFO -- : [34mBLE: write-without-response done[0m
I, [2025-01-23T17:25:45.029089 #6927]  INFO -- : [34mBLE DATA: #<struct Protocol::BLE_DATA src_mac=[44, 207, 103, 118, 90, 22], dst_mac=[44, 207, 103, 129, 102, 227], length=[0, 19], data=[1, 1, 1, 1, 1]>[0m
D, [2025-01-23T17:25:45.036308 #6927] DEBUG -- : eth0 [192, 168, 11, 2] [0, 0, 0, 0, 0, 0] ng
D, [2025-01-23T17:25:45.037393 #6927] DEBUG -- : eth0: Send Arp Request
D, [2025-01-23T17:25:45.038024 #6927] DEBUG -- : Append Send Data: [192, 168, 11, 2]
I, [2025-01-23T17:25:50.052749 #6927]  INFO -- : [34mBLE DATA: #<struct Protocol::BLE_DATA src_mac=[44, 207, 103, 118, 90, 22], dst_mac=[44, 207, 103, 129, 102, 227], length=[0, 19], data=[2, 2, 2, 2, 2]>[0m
D, [2025-01-23T17:25:50.055804 #6927] DEBUG -- : eth0 [192, 168, 11, 2] [0, 0, 0, 0, 0, 0] ng
D, [2025-01-23T17:25:50.056195 #6927] DEBUG -- : eth0: Send Arp Request
D, [2025-01-23T17:25:50.056624 #6927] DEBUG -- : Append Send Data: [192, 168, 11, 2]
D, [2025-01-23T17:25:50.983754 #6927] DEBUG -- : eth0: Received for this device
D, [2025-01-23T17:25:50.990334 #6927] DEBUG -- : eth0: Received for this device
D, [2025-01-23T17:25:50.991747 #6927] DEBUG -- : eth0: Received for this device
D, [2025-01-23T17:25:51.007842 #6927] DEBUG -- : eth0: Received for this device
D, [2025-01-23T17:25:51.066863 #6927] DEBUG -- : eth0: Received for this device
D, [2025-01-23T17:25:51.073412 #6927] DEBUG -- : eth0: Received for this device
D, [2025-01-23T17:25:51.076737 #6927] DEBUG -- : eth0: Received for this device
D, [2025-01-23T17:25:51.080825 #6927] DEBUG -- : eth0: Received for this device
D, [2025-01-23T17:25:53.790479 #6927] DEBUG -- : eth0: Received for this device
D, [2025-01-23T17:25:53.792219 #6927] DEBUG -- : eth0: Received for this device
D, [2025-01-23T17:25:53.880863 #6927] DEBUG -- : eth0: Received for this device
D, [2025-01-23T17:25:53.883496 #6927] DEBUG -- : eth0: Received for this device
D, [2025-01-23T17:25:53.885587 #6927] DEBUG -- : eth0: Received for this device
I, [2025-01-23T17:25:55.072121 #6927]  INFO -- : [34mBLE DATA: #<struct Protocol::BLE_DATA src_mac=[44, 207, 103, 118, 90, 22], dst_mac=[44, 207, 103, 129, 102, 227], length=[0, 19], data=[3, 3, 3, 3, 3]>[0m
D, [2025-01-23T17:25:55.076685 #6927] DEBUG -- : eth0 [192, 168, 11, 2] [0, 0, 0, 0, 0, 0] ng
D, [2025-01-23T17:25:55.118273 #6927] DEBUG -- : eth0: Send Arp Request
I, [2025-01-23T17:25:55.119276 #6927]  INFO -- : [34mBLE: write-without-response done[0m
D, [2025-01-23T17:25:55.120241 #6927] DEBUG -- : Append Send Data: [192, 168, 11, 2]
I, [2025-01-23T17:25:55.202836 #6927]  INFO -- : [34mBLE: write-without-response done[0m
I, [2025-01-23T17:26:00.044517 #6927]  INFO -- : [34mBLE DATA: #<struct Protocol::BLE_DATA src_mac=[44, 207, 103, 118, 90, 22], dst_mac=[44, 207, 103, 129, 102, 227], length=[0, 19], data=[4, 4, 4, 4, 4]>[0m
D, [2025-01-23T17:26:00.046305 #6927] DEBUG -- : eth0 [192, 168, 11, 2] [0, 0, 0, 0, 0, 0] ng
D, [2025-01-23T17:26:00.046750 #6927] DEBUG -- : eth0: Send Arp Request
D, [2025-01-23T17:26:00.047241 #6927] DEBUG -- : Append Send Data: [192, 168, 11, 2]
I, [2025-01-23T17:27:12.568801 #7156]  INFO -- : [34mRouter is running...[0m
D, [2025-01-23T17:27:12.569191 #7156] DEBUG -- : 
#<struct Struct::Device if_name="eth0", socket=#<Socket:fd 6>, hwaddr=[216, 58, 221, 246, 103, 41], addr=[192, 168, 11, 2], subnet=[192, 168, 11, 0], netmask=[255, 255, 255, 0]>
#<struct Struct::Device if_name="wlan0", socket=#<Socket:fd 7>, hwaddr=[216, 58, 221, 246, 103, 42], addr=nil, subnet=nil, netmask=nil>
W, [2025-01-23T17:27:12.569447 #7156]  WARN -- : [33mError reading socket: Network is down[0m
D, [2025-01-23T17:27:12.569558 #7156] DEBUG -- : ["/root/.rbenv/versions/3.3.6/lib/ruby/3.3.0/socket.rb:457:in `__read_nonblock'", "/root/.rbenv/versions/3.3.6/lib/ruby/3.3.0/socket.rb:457:in `read_nonblock'", "/home/namekawa2/dev/Ruby-BLE-Router/lib/ruby-router/kit/router/router.rb:57:in `block in router'", "/home/namekawa2/dev/Ruby-BLE-Router/lib/ruby-router/kit/router/router.rb:55:in `each'", "/home/namekawa2/dev/Ruby-BLE-Router/lib/ruby-router/kit/router/router.rb:55:in `router'", "/home/namekawa2/dev/Ruby-BLE-Router/lib/ruby-router/kit/router/router.rb:36:in `run'", "router_example.rb:13:in `<main>'"]
I, [2025-01-23T17:27:18.044743 #7156]  INFO -- : [34mBLE DATA: #<struct Protocol::BLE_DATA src_mac=[44, 207, 103, 118, 90, 22], dst_mac=[44, 207, 103, 129, 102, 227], length=[0, 19], data=[6, 6, 6, 6, 6]>[0m
D, [2025-01-23T17:27:18.052611 #7156] DEBUG -- : eth0 [192, 168, 11, 2] [0, 0, 0, 0, 0, 0] ng
D, [2025-01-23T17:27:18.053365 #7156] DEBUG -- : eth0: Send Arp Request
D, [2025-01-23T17:27:18.054653 #7156] DEBUG -- : Append Send Data: [192, 168, 11, 2]
I, [2025-01-23T17:27:18.107376 #7156]  INFO -- : [34mBLE: write-without-response done[0m
I, [2025-01-23T17:28:20.980055 #7297]  INFO -- : [34mRouter is running...[0m
D, [2025-01-23T17:28:20.980945 #7297] DEBUG -- : 
#<struct Struct::Device if_name="eth0", socket=#<Socket:fd 6>, hwaddr=[216, 58, 221, 246, 103, 41], addr=[192, 168, 11, 2], subnet=[192, 168, 11, 0], netmask=[255, 255, 255, 0]>
#<struct Struct::Device if_name="wlan0", socket=#<Socket:fd 7>, hwaddr=[216, 58, 221, 246, 103, 42], addr=nil, subnet=nil, netmask=nil>
W, [2025-01-23T17:28:20.981451 #7297]  WARN -- : [33mError reading socket: Network is down[0m
D, [2025-01-23T17:28:20.981616 #7297] DEBUG -- : ["/root/.rbenv/versions/3.3.6/lib/ruby/3.3.0/socket.rb:457:in `__read_nonblock'", "/root/.rbenv/versions/3.3.6/lib/ruby/3.3.0/socket.rb:457:in `read_nonblock'", "/home/namekawa2/dev/Ruby-BLE-Router/lib/ruby-router/kit/router/router.rb:57:in `block in router'", "/home/namekawa2/dev/Ruby-BLE-Router/lib/ruby-router/kit/router/router.rb:55:in `each'", "/home/namekawa2/dev/Ruby-BLE-Router/lib/ruby-router/kit/router/router.rb:55:in `router'", "/home/namekawa2/dev/Ruby-BLE-Router/lib/ruby-router/kit/router/router.rb:36:in `run'", "router_example.rb:13:in `<main>'"]
I, [2025-01-23T17:28:26.107663 #7297]  INFO -- : [34mBLE DATA: #<struct Protocol::BLE_DATA src_mac=[44, 207, 103, 118, 90, 22], dst_mac=[44, 207, 103, 129, 102, 227], length=[2, 4], data=[0, 0, 0, 0, 0, 0, 0, 0, 0, 0, 0, 0, 0, 0, 0, 0, 0, 0, 0, 0, 0, 0, 0, 0, 0, 0, 0, 0, 0, 0, 0, 0, 0, 0, 0, 0, 0, 0, 0, 0, 0, 0, 0, 0, 0, 0, 0, 0, 0, 0, 0, 0, 0, 0, 0, 0, 0, 0, 0, 0, 0, 0, 0, 0, 0, 0, 0, 0, 0, 0, 0, 0, 0, 0, 0, 0, 0, 0, 0, 0, 0, 0, 0, 0, 0, 0, 0, 0, 0, 0, 0, 0, 0, 0, 0, 0, 0, 0, 0, 0, 0, 0, 0, 0, 0, 0, 0, 0, 0, 0, 0, 0, 0, 0, 0, 0, 0, 0, 0, 0, 0, 0, 0, 0, 0, 0, 0, 0, 0, 0, 0, 0, 0, 0, 0, 0, 0, 0, 0, 0, 0, 0, 0, 0, 0, 0, 0, 0, 0, 0, 0, 0, 0, 0, 0, 0, 0, 0, 0, 0, 0, 0, 0, 0, 0, 0, 0, 0, 0, 0, 0, 0, 0, 0, 0, 0, 0, 0, 0, 0, 0, 0, 0, 0, 0, 0, 0, 0, 0, 0, 0, 0, 0, 0, 0, 0, 0, 0, 0, 0, 0, 0, 0, 0, 0, 0, 0, 0, 0, 0, 0, 0, 0, 0, 0, 0, 0, 0, 0, 0, 0, 0, 0, 0, 0, 0, 0, 0, 0, 0, 0, 0, 0, 0, 0, 0, 0, 0, 0, 0, 0, 0, 0, 0, 0, 0, 0, 0, 0, 0, 0, 0, 0, 0, 0, 0, 0, 0, 0, 0, 0, 0, 0, 0, 0, 0, 0, 0, 0, 0, 0, 0, 0, 0, 0, 0, 0, 0, 0, 0, 0, 0, 0, 0, 0, 0, 0, 0, 0, 0, 0, 0, 0, 0, 0, 0, 0, 0, 0, 0, 0, 0, 0, 0, 0, 0, 0, 0, 0, 0, 0, 0, 0, 0, 0, 0, 0, 0, 0, 0, 0, 0, 0, 0, 0, 0, 0, 0, 0, 0, 0, 0, 0, 0, 0, 0, 0, 0, 0, 0, 0, 0, 0, 0, 0, 0, 0, 0, 0, 0, 0, 0, 0, 0, 0, 0, 0, 0, 0, 0, 0, 0, 0, 0, 0, 0, 0, 0, 0, 0, 0, 0, 0, 0, 0, 0, 0, 0, 0, 0, 0, 0, 0, 0, 0, 0, 0, 0, 0, 0, 0, 0, 0, 0, 0, 0, 0, 0, 0, 0, 0, 0, 0, 0, 0, 0, 0, 0, 0, 0, 0, 0, 0, 0, 0, 0, 0, 0, 0, 0, 0, 0, 0, 0, 0, 0, 0, 0, 0, 0, 0, 0, 0, 0, 0, 0, 0, 0, 0, 0, 0, 0, 0, 0, 0, 0, 0, 0, 0, 0, 0, 0, 0, 0, 0, 0, 0, 0, 0, 0, 0, 0, 0, 0, 0, 0, 0, 0, 0, 0, 0, 0, 0, 0, 0, 0, 0, 0, 0, 0, 0, 0, 0, 0, 0, 0, 0, 0, 0, 0, 0, 0, 0, 0, 0, 0, 0, 0, 0, 0, 0, 0]>[0m
D, [2025-01-23T17:28:26.114472 #7297] DEBUG -- : eth0 [192, 168, 11, 2] [0, 0, 0, 0, 0, 0] ng
D, [2025-01-23T17:28:26.114966 #7297] DEBUG -- : eth0: Send Arp Request
D, [2025-01-23T17:28:26.156727 #7297] DEBUG -- : Append Send Data: [192, 168, 11, 2]
I, [2025-01-23T17:28:26.158838 #7297]  INFO -- : [34mBLE: write-without-response done[0m
I, [2025-01-23T17:28:31.083835 #7297]  INFO -- : [34mBLE DATA: #<struct Protocol::BLE_DATA src_mac=[44, 207, 103, 118, 90, 22], dst_mac=[44, 207, 103, 129, 102, 227], length=[2, 4], data=[1, 1, 1, 1, 1, 1, 1, 1, 1, 1, 1, 1, 1, 1, 1, 1, 1, 1, 1, 1, 1, 1, 1, 1, 1, 1, 1, 1, 1, 1, 1, 1, 1, 1, 1, 1, 1, 1, 1, 1, 1, 1, 1, 1, 1, 1, 1, 1, 1, 1, 1, 1, 1, 1, 1, 1, 1, 1, 1, 1, 1, 1, 1, 1, 1, 1, 1, 1, 1, 1, 1, 1, 1, 1, 1, 1, 1, 1, 1, 1, 1, 1, 1, 1, 1, 1, 1, 1, 1, 1, 1, 1, 1, 1, 1, 1, 1, 1, 1, 1, 1, 1, 1, 1, 1, 1, 1, 1, 1, 1, 1, 1, 1, 1, 1, 1, 1, 1, 1, 1, 1, 1, 1, 1, 1, 1, 1, 1, 1, 1, 1, 1, 1, 1, 1, 1, 1, 1, 1, 1, 1, 1, 1, 1, 1, 1, 1, 1, 1, 1, 1, 1, 1, 1, 1, 1, 1, 1, 1, 1, 1, 1, 1, 1, 1, 1, 1, 1, 1, 1, 1, 1, 1, 1, 1, 1, 1, 1, 1, 1, 1, 1, 1, 1, 1, 1, 1, 1, 1, 1, 1, 1, 1, 1, 1, 1, 1, 1, 1, 1, 1, 1, 1, 1, 1, 1, 1, 1, 1, 1, 1, 1, 1, 1, 1, 1, 1, 1, 1, 1, 1, 1, 1, 1, 1, 1, 1, 1, 1, 1, 1, 1, 1, 1, 1, 1, 1, 1, 1, 1, 1, 1, 1, 1, 1, 1, 1, 1, 1, 1, 1, 1, 1, 1, 1, 1, 1, 1, 1, 1, 1, 1, 1, 1, 1, 1, 1, 1, 1, 1, 1, 1, 1, 1, 1, 1, 1, 1, 1, 1, 1, 1, 1, 1, 1, 1, 1, 1, 1, 1, 1, 1, 1, 1, 1, 1, 1, 1, 1, 1, 1, 1, 1, 1, 1, 1, 1, 1, 1, 1, 1, 1, 1, 1, 1, 1, 1, 1, 1, 1, 1, 1, 1, 1, 1, 1, 1, 1, 1, 1, 1, 1, 1, 1, 1, 1, 1, 1, 1, 1, 1, 1, 1, 1, 1, 1, 1, 1, 1, 1, 1, 1, 1, 1, 1, 1, 1, 1, 1, 1, 1, 1, 1, 1, 1, 1, 1, 1, 1, 1, 1, 1, 1, 1, 1, 1, 1, 1, 1, 1, 1, 1, 1, 1, 1, 1, 1, 1, 1, 1, 1, 1, 1, 1, 1, 1, 1, 1, 1, 1, 1, 1, 1, 1, 1, 1, 1, 1, 1, 1, 1, 1, 1, 1, 1, 1, 1, 1, 1, 1, 1, 1, 1, 1, 1, 1, 1, 1, 1, 1, 1, 1, 1, 1, 1, 1, 1, 1, 1, 1, 1, 1, 1, 1, 1, 1, 1, 1, 1, 1, 1, 1, 1, 1, 1, 1, 1, 1, 1, 1, 1, 1, 1, 1, 1, 1, 1, 1, 1, 1, 1, 1, 1, 1, 1, 1, 1, 1, 1, 1, 1, 1, 1, 1, 1, 1, 1, 1, 1, 1, 1, 1, 1, 1, 1, 1, 1, 1, 1, 1, 1, 1]>[0m
D, [2025-01-23T17:28:31.087270 #7297] DEBUG -- : eth0 [192, 168, 11, 2] [0, 0, 0, 0, 0, 0] ng
D, [2025-01-23T17:28:31.087855 #7297] DEBUG -- : eth0: Send Arp Request
D, [2025-01-23T17:28:31.089123 #7297] DEBUG -- : Append Send Data: [192, 168, 11, 2]
I, [2025-01-23T17:28:31.131808 #7297]  INFO -- : [34mBLE: write-without-response done[0m
I, [2025-01-23T17:28:36.056533 #7297]  INFO -- : [34mBLE DATA: #<struct Protocol::BLE_DATA src_mac=[44, 207, 103, 118, 90, 22], dst_mac=[44, 207, 103, 129, 102, 227], length=[2, 4], data=[2, 2, 2, 2, 2, 2, 2, 2, 2, 2, 2, 2, 2, 2, 2, 2, 2, 2, 2, 2, 2, 2, 2, 2, 2, 2, 2, 2, 2, 2, 2, 2, 2, 2, 2, 2, 2, 2, 2, 2, 2, 2, 2, 2, 2, 2, 2, 2, 2, 2, 2, 2, 2, 2, 2, 2, 2, 2, 2, 2, 2, 2, 2, 2, 2, 2, 2, 2, 2, 2, 2, 2, 2, 2, 2, 2, 2, 2, 2, 2, 2, 2, 2, 2, 2, 2, 2, 2, 2, 2, 2, 2, 2, 2, 2, 2, 2, 2, 2, 2, 2, 2, 2, 2, 2, 2, 2, 2, 2, 2, 2, 2, 2, 2, 2, 2, 2, 2, 2, 2, 2, 2, 2, 2, 2, 2, 2, 2, 2, 2, 2, 2, 2, 2, 2, 2, 2, 2, 2, 2, 2, 2, 2, 2, 2, 2, 2, 2, 2, 2, 2, 2, 2, 2, 2, 2, 2, 2, 2, 2, 2, 2, 2, 2, 2, 2, 2, 2, 2, 2, 2, 2, 2, 2, 2, 2, 2, 2, 2, 2, 2, 2, 2, 2, 2, 2, 2, 2, 2, 2, 2, 2, 2, 2, 2, 2, 2, 2, 2, 2, 2, 2, 2, 2, 2, 2, 2, 2, 2, 2, 2, 2, 2, 2, 2, 2, 2, 2, 2, 2, 2, 2, 2, 2, 2, 2, 2, 2, 2, 2, 2, 2, 2, 2, 2, 2, 2, 2, 2, 2, 2, 2, 2, 2, 2, 2, 2, 2, 2, 2, 2, 2, 2, 2, 2, 2, 2, 2, 2, 2, 2, 2, 2, 2, 2, 2, 2, 2, 2, 2, 2, 2, 2, 2, 2, 2, 2, 2, 2, 2, 2, 2, 2, 2, 2, 2, 2, 2, 2, 2, 2, 2, 2, 2, 2, 2, 2, 2, 2, 2, 2, 2, 2, 2, 2, 2, 2, 2, 2, 2, 2, 2, 2, 2, 2, 2, 2, 2, 2, 2, 2, 2, 2, 2, 2, 2, 2, 2, 2, 2, 2, 2, 2, 2, 2, 2, 2, 2, 2, 2, 2, 2, 2, 2, 2, 2, 2, 2, 2, 2, 2, 2, 2, 2, 2, 2, 2, 2, 2, 2, 2, 2, 2, 2, 2, 2, 2, 2, 2, 2, 2, 2, 2, 2, 2, 2, 2, 2, 2, 2, 2, 2, 2, 2, 2, 2, 2, 2, 2, 2, 2, 2, 2, 2, 2, 2, 2, 2, 2, 2, 2, 2, 2, 2, 2, 2, 2, 2, 2, 2, 2, 2, 2, 2, 2, 2, 2, 2, 2, 2, 2, 2, 2, 2, 2, 2, 2, 2, 2, 2, 2, 2, 2, 2, 2, 2, 2, 2, 2, 2, 2, 2, 2, 2, 2, 2, 2, 2, 2, 2, 2, 2, 2, 2, 2, 2, 2, 2, 2, 2, 2, 2, 2, 2, 2, 2, 2, 2, 2, 2, 2, 2, 2, 2, 2, 2, 2, 2, 2, 2, 2, 2, 2, 2, 2, 2, 2, 2, 2, 2, 2, 2, 2, 2, 2, 2, 2, 2, 2, 2, 2, 2]>[0m
D, [2025-01-23T17:28:36.059428 #7297] DEBUG -- : eth0 [192, 168, 11, 2] [0, 0, 0, 0, 0, 0] ng
D, [2025-01-23T17:28:36.060348 #7297] DEBUG -- : eth0: Send Arp Request
D, [2025-01-23T17:28:36.061769 #7297] DEBUG -- : Append Send Data: [192, 168, 11, 2]
I, [2025-01-23T17:28:36.105517 #7297]  INFO -- : [34mBLE: write-without-response done[0m
I, [2025-01-23T17:28:41.075484 #7297]  INFO -- : [34mBLE DATA: #<struct Protocol::BLE_DATA src_mac=[44, 207, 103, 118, 90, 22], dst_mac=[44, 207, 103, 129, 102, 227], length=[2, 4], data=[3, 3, 3, 3, 3, 3, 3, 3, 3, 3, 3, 3, 3, 3, 3, 3, 3, 3, 3, 3, 3, 3, 3, 3, 3, 3, 3, 3, 3, 3, 3, 3, 3, 3, 3, 3, 3, 3, 3, 3, 3, 3, 3, 3, 3, 3, 3, 3, 3, 3, 3, 3, 3, 3, 3, 3, 3, 3, 3, 3, 3, 3, 3, 3, 3, 3, 3, 3, 3, 3, 3, 3, 3, 3, 3, 3, 3, 3, 3, 3, 3, 3, 3, 3, 3, 3, 3, 3, 3, 3, 3, 3, 3, 3, 3, 3, 3, 3, 3, 3, 3, 3, 3, 3, 3, 3, 3, 3, 3, 3, 3, 3, 3, 3, 3, 3, 3, 3, 3, 3, 3, 3, 3, 3, 3, 3, 3, 3, 3, 3, 3, 3, 3, 3, 3, 3, 3, 3, 3, 3, 3, 3, 3, 3, 3, 3, 3, 3, 3, 3, 3, 3, 3, 3, 3, 3, 3, 3, 3, 3, 3, 3, 3, 3, 3, 3, 3, 3, 3, 3, 3, 3, 3, 3, 3, 3, 3, 3, 3, 3, 3, 3, 3, 3, 3, 3, 3, 3, 3, 3, 3, 3, 3, 3, 3, 3, 3, 3, 3, 3, 3, 3, 3, 3, 3, 3, 3, 3, 3, 3, 3, 3, 3, 3, 3, 3, 3, 3, 3, 3, 3, 3, 3, 3, 3, 3, 3, 3, 3, 3, 3, 3, 3, 3, 3, 3, 3, 3, 3, 3, 3, 3, 3, 3, 3, 3, 3, 3, 3, 3, 3, 3, 3, 3, 3, 3, 3, 3, 3, 3, 3, 3, 3, 3, 3, 3, 3, 3, 3, 3, 3, 3, 3, 3, 3, 3, 3, 3, 3, 3, 3, 3, 3, 3, 3, 3, 3, 3, 3, 3, 3, 3, 3, 3, 3, 3, 3, 3, 3, 3, 3, 3, 3, 3, 3, 3, 3, 3, 3, 3, 3, 3, 3, 3, 3, 3, 3, 3, 3, 3, 3, 3, 3, 3, 3, 3, 3, 3, 3, 3, 3, 3, 3, 3, 3, 3, 3, 3, 3, 3, 3, 3, 3, 3, 3, 3, 3, 3, 3, 3, 3, 3, 3, 3, 3, 3, 3, 3, 3, 3, 3, 3, 3, 3, 3, 3, 3, 3, 3, 3, 3, 3, 3, 3, 3, 3, 3, 3, 3, 3, 3, 3, 3, 3, 3, 3, 3, 3, 3, 3, 3, 3, 3, 3, 3, 3, 3, 3, 3, 3, 3, 3, 3, 3, 3, 3, 3, 3, 3, 3, 3, 3, 3, 3, 3, 3, 3, 3, 3, 3, 3, 3, 3, 3, 3, 3, 3, 3, 3, 3, 3, 3, 3, 3, 3, 3, 3, 3, 3, 3, 3, 3, 3, 3, 3, 3, 3, 3, 3, 3, 3, 3, 3, 3, 3, 3, 3, 3, 3, 3, 3, 3, 3, 3, 3, 3, 3, 3, 3, 3, 3, 3, 3, 3, 3, 3, 3, 3, 3, 3, 3, 3, 3, 3, 3, 3, 3, 3, 3, 3, 3, 3, 3, 3, 3, 3, 3, 3, 3, 3, 3, 3]>[0m
D, [2025-01-23T17:28:41.080291 #7297] DEBUG -- : eth0 [192, 168, 11, 2] [0, 0, 0, 0, 0, 0] ng
D, [2025-01-23T17:28:41.080982 #7297] DEBUG -- : eth0: Send Arp Request
D, [2025-01-23T17:28:41.081968 #7297] DEBUG -- : Append Send Data: [192, 168, 11, 2]
I, [2025-01-23T17:28:41.127686 #7297]  INFO -- : [34mBLE: write-without-response done[0m
I, [2025-01-23T17:28:46.095474 #7297]  INFO -- : [34mBLE DATA: #<struct Protocol::BLE_DATA src_mac=[44, 207, 103, 118, 90, 22], dst_mac=[44, 207, 103, 129, 102, 227], length=[2, 4], data=[4, 4, 4, 4, 4, 4, 4, 4, 4, 4, 4, 4, 4, 4, 4, 4, 4, 4, 4, 4, 4, 4, 4, 4, 4, 4, 4, 4, 4, 4, 4, 4, 4, 4, 4, 4, 4, 4, 4, 4, 4, 4, 4, 4, 4, 4, 4, 4, 4, 4, 4, 4, 4, 4, 4, 4, 4, 4, 4, 4, 4, 4, 4, 4, 4, 4, 4, 4, 4, 4, 4, 4, 4, 4, 4, 4, 4, 4, 4, 4, 4, 4, 4, 4, 4, 4, 4, 4, 4, 4, 4, 4, 4, 4, 4, 4, 4, 4, 4, 4, 4, 4, 4, 4, 4, 4, 4, 4, 4, 4, 4, 4, 4, 4, 4, 4, 4, 4, 4, 4, 4, 4, 4, 4, 4, 4, 4, 4, 4, 4, 4, 4, 4, 4, 4, 4, 4, 4, 4, 4, 4, 4, 4, 4, 4, 4, 4, 4, 4, 4, 4, 4, 4, 4, 4, 4, 4, 4, 4, 4, 4, 4, 4, 4, 4, 4, 4, 4, 4, 4, 4, 4, 4, 4, 4, 4, 4, 4, 4, 4, 4, 4, 4, 4, 4, 4, 4, 4, 4, 4, 4, 4, 4, 4, 4, 4, 4, 4, 4, 4, 4, 4, 4, 4, 4, 4, 4, 4, 4, 4, 4, 4, 4, 4, 4, 4, 4, 4, 4, 4, 4, 4, 4, 4, 4, 4, 4, 4, 4, 4, 4, 4, 4, 4, 4, 4, 4, 4, 4, 4, 4, 4, 4, 4, 4, 4, 4, 4, 4, 4, 4, 4, 4, 4, 4, 4, 4, 4, 4, 4, 4, 4, 4, 4, 4, 4, 4, 4, 4, 4, 4, 4, 4, 4, 4, 4, 4, 4, 4, 4, 4, 4, 4, 4, 4, 4, 4, 4, 4, 4, 4, 4, 4, 4, 4, 4, 4, 4, 4, 4, 4, 4, 4, 4, 4, 4, 4, 4, 4, 4, 4, 4, 4, 4, 4, 4, 4, 4, 4, 4, 4, 4, 4, 4, 4, 4, 4, 4, 4, 4, 4, 4, 4, 4, 4, 4, 4, 4, 4, 4, 4, 4, 4, 4, 4, 4, 4, 4, 4, 4, 4, 4, 4, 4, 4, 4, 4, 4, 4, 4, 4, 4, 4, 4, 4, 4, 4, 4, 4, 4, 4, 4, 4, 4, 4, 4, 4, 4, 4, 4, 4, 4, 4, 4, 4, 4, 4, 4, 4, 4, 4, 4, 4, 4, 4, 4, 4, 4, 4, 4, 4, 4, 4, 4, 4, 4, 4, 4, 4, 4, 4, 4, 4, 4, 4, 4, 4, 4, 4, 4, 4, 4, 4, 4, 4, 4, 4, 4, 4, 4, 4, 4, 4, 4, 4, 4, 4, 4, 4, 4, 4, 4, 4, 4, 4, 4, 4, 4, 4, 4, 4, 4, 4, 4, 4, 4, 4, 4, 4, 4, 4, 4, 4, 4, 4, 4, 4, 4, 4, 4, 4, 4, 4, 4, 4, 4, 4, 4, 4, 4, 4, 4, 4, 4, 4, 4, 4, 4, 4, 4, 4, 4, 4, 4, 4, 4, 4, 4, 4, 4, 4, 4]>[0m
D, [2025-01-23T17:28:46.099332 #7297] DEBUG -- : eth0 [192, 168, 11, 2] [0, 0, 0, 0, 0, 0] ng
D, [2025-01-23T17:28:46.100296 #7297] DEBUG -- : eth0: Send Arp Request
D, [2025-01-23T17:28:46.101197 #7297] DEBUG -- : Append Send Data: [192, 168, 11, 2]
